LD=10
Using: cuda
Train proportions: tensor([0.2509, 0.2442, 0.2506, 0.2543])
Test proportions: tensor([0.2463, 0.2732, 0.2476, 0.2329])
Epoch 1/500: train_loss: 0.9371 val_loss 0.5100
Saved at epoch 1.
Epoch 2/500: train_loss: 0.3611 val_loss 0.3025
Saved at epoch 2.
Epoch 3/500: train_loss: 0.2348 val_loss 0.1748
Saved at epoch 3.
Epoch 4/500: train_loss: 0.1519 val_loss 0.1162
Saved at epoch 4.
Epoch 5/500: train_loss: 0.1155 val_loss 0.0792
Saved at epoch 5.
Epoch 6/500: train_loss: 0.0905 val_loss 0.0673
Saved at epoch 6.
Epoch 7/500: train_loss: 0.0769 val_loss 0.0592
Saved at epoch 7.
Epoch 8/500: train_loss: 0.0670 val_loss 0.0511
Saved at epoch 8.
Epoch 9/500: train_loss: 0.0627 val_loss 0.0483
Saved at epoch 9.
Epoch 10/500: train_loss: 0.0622 val_loss 0.0480
Saved at epoch 10.
Epoch 11/500: train_loss: 0.0543 val_loss 0.0438
Saved at epoch 11.
Epoch 12/500: train_loss: 0.0529 val_loss 0.0451
Epoch 13/500: train_loss: 0.0494 val_loss 0.0421
Saved at epoch 13.
Epoch 14/500: train_loss: 0.0466 val_loss 0.0414
Saved at epoch 14.
Epoch 15/500: train_loss: 0.0482 val_loss 0.0535
Epoch 16/500: train_loss: 0.0438 val_loss 0.0426
Epoch 17/500: train_loss: 0.0379 val_loss 0.0454
Epoch 18/500: train_loss: 0.0388 val_loss 0.0457
Epoch 19/500: train_loss: 0.0335 val_loss 0.0424
Epoch 20/500: train_loss: 0.0315 val_loss 0.0461
Epoch 21/500: train_loss: 0.0310 val_loss 0.0414
Epoch 22/500: train_loss: 0.0279 val_loss 0.0439
Epoch 23/500: train_loss: 0.0267 val_loss 0.0445
Epoch 24/500: train_loss: 0.0275 val_loss 0.0439
Epoch 25/500: train_loss: 0.0256 val_loss 0.0424
Epoch 26/500: train_loss: 0.0241 val_loss 0.0437
Epoch 27/500: train_loss: 0.0233 val_loss 0.0459
Epoch 28/500: train_loss: 0.0258 val_loss 0.0437
Epoch 29/500: train_loss: 0.0202 val_loss 0.0442
Epoch 30/500: train_loss: 0.0198 val_loss 0.0450
Epoch 31/500: train_loss: 0.0205 val_loss 0.0475
Epoch 32/500: train_loss: 0.0193 val_loss 0.0452
Epoch 33/500: train_loss: 0.0166 val_loss 0.0525
Epoch 34/500: train_loss: 0.0165 val_loss 0.0433
Epoch 35/500: train_loss: 0.0170 val_loss 0.0482
Epoch 36/500: train_loss: 0.0165 val_loss 0.0431
Epoch 37/500: train_loss: 0.0162 val_loss 0.0479
Epoch 38/500: train_loss: 0.0147 val_loss 0.0485
Epoch 39/500: train_loss: 0.0137 val_loss 0.0473
Epoch 40/500: train_loss: 0.0134 val_loss 0.0467
Epoch 41/500: train_loss: 0.0138 val_loss 0.0500
Epoch 42/500: train_loss: 0.0133 val_loss 0.0457
Epoch 43/500: train_loss: 0.0131 val_loss 0.0482
Epoch 44/500: train_loss: 0.0100 val_loss 0.0463
Epoch 45/500: train_loss: 0.0100 val_loss 0.0463
Epoch 46/500: train_loss: 0.0097 val_loss 0.0442
Epoch 47/500: train_loss: 0.0091 val_loss 0.0465
Epoch 48/500: train_loss: 0.0136 val_loss 0.0509
Epoch 49/500: train_loss: 0.0116 val_loss 0.0561
Epoch 50/500: train_loss: 0.0107 val_loss 0.0462
Epoch 51/500: train_loss: 0.0081 val_loss 0.0459
Epoch 52/500: train_loss: 0.0083 val_loss 0.0473
Epoch 53/500: train_loss: 0.0096 val_loss 0.0571
Epoch 54/500: train_loss: 0.0094 val_loss 0.0453
Epoch 55/500: train_loss: 0.0070 val_loss 0.0548
Epoch 56/500: train_loss: 0.0075 val_loss 0.0536
Epoch 57/500: train_loss: 0.0072 val_loss 0.0502
Epoch 58/500: train_loss: 0.0079 val_loss 0.0507
Epoch 59/500: train_loss: 0.0081 val_loss 0.0732
Epoch 60/500: train_loss: 0.0092 val_loss 0.0587
Epoch 61/500: train_loss: 0.0061 val_loss 0.0573
Epoch 62/500: train_loss: 0.0048 val_loss 0.0602
Epoch 63/500: train_loss: 0.0071 val_loss 0.0646
Epoch 64/500: train_loss: 0.0191 val_loss 0.0492
Early stopping at epoch 64.
Test Accuracy: 99.02%
