LD=10
Using: cuda
Train proportions: tensor([0.2509, 0.2442, 0.2506, 0.2543])
Test proportions: tensor([0.2463, 0.2732, 0.2476, 0.2329])
Epoch 1/500: train_loss: 1.1474 val_loss 0.8140
Saved at epoch 1.
Epoch 2/500: train_loss: 0.5411 val_loss 0.3630
Saved at epoch 2.
Epoch 3/500: train_loss: 0.3000 val_loss 0.2569
Saved at epoch 3.
Epoch 4/500: train_loss: 0.2400 val_loss 0.2170
Saved at epoch 4.
Epoch 5/500: train_loss: 0.2109 val_loss 0.2015
Saved at epoch 5.
Epoch 6/500: train_loss: 0.1916 val_loss 0.1792
Saved at epoch 6.
Epoch 7/500: train_loss: 0.1761 val_loss 0.1689
Saved at epoch 7.
Epoch 8/500: train_loss: 0.1645 val_loss 0.1562
Saved at epoch 8.
Epoch 9/500: train_loss: 0.1540 val_loss 0.1489
Saved at epoch 9.
Epoch 10/500: train_loss: 0.1418 val_loss 0.1394
Saved at epoch 10.
Epoch 11/500: train_loss: 0.1317 val_loss 0.1261
Saved at epoch 11.
Epoch 12/500: train_loss: 0.1217 val_loss 0.1188
Saved at epoch 12.
Epoch 13/500: train_loss: 0.1149 val_loss 0.1109
Saved at epoch 13.
Epoch 14/500: train_loss: 0.1060 val_loss 0.1062
Saved at epoch 14.
Epoch 15/500: train_loss: 0.0981 val_loss 0.1011
Saved at epoch 15.
Epoch 16/500: train_loss: 0.0920 val_loss 0.0937
Saved at epoch 16.
Epoch 17/500: train_loss: 0.0848 val_loss 0.0882
Saved at epoch 17.
Epoch 18/500: train_loss: 0.0809 val_loss 0.0816
Saved at epoch 18.
Epoch 19/500: train_loss: 0.0751 val_loss 0.0788
Saved at epoch 19.
Epoch 20/500: train_loss: 0.0700 val_loss 0.0787
Saved at epoch 20.
Epoch 21/500: train_loss: 0.0650 val_loss 0.0721
Saved at epoch 21.
Epoch 22/500: train_loss: 0.0611 val_loss 0.0704
Saved at epoch 22.
Epoch 23/500: train_loss: 0.0578 val_loss 0.0665
Saved at epoch 23.
Epoch 24/500: train_loss: 0.0560 val_loss 0.0662
Saved at epoch 24.
Epoch 25/500: train_loss: 0.0503 val_loss 0.0616
Saved at epoch 25.
Epoch 26/500: train_loss: 0.0495 val_loss 0.0624
Epoch 27/500: train_loss: 0.0468 val_loss 0.0599
Saved at epoch 27.
Epoch 28/500: train_loss: 0.0442 val_loss 0.0583
Saved at epoch 28.
Epoch 29/500: train_loss: 0.0410 val_loss 0.0609
Epoch 30/500: train_loss: 0.0410 val_loss 0.0597
Epoch 31/500: train_loss: 0.0390 val_loss 0.0567
Saved at epoch 31.
Epoch 32/500: train_loss: 0.0370 val_loss 0.0550
Saved at epoch 32.
Epoch 33/500: train_loss: 0.0379 val_loss 0.0555
Epoch 34/500: train_loss: 0.0361 val_loss 0.0537
Saved at epoch 34.
Epoch 35/500: train_loss: 0.0347 val_loss 0.0529
Saved at epoch 35.
Epoch 36/500: train_loss: 0.0339 val_loss 0.0562
Epoch 37/500: train_loss: 0.0333 val_loss 0.0545
Epoch 38/500: train_loss: 0.0312 val_loss 0.0524
Saved at epoch 38.
Epoch 39/500: train_loss: 0.0331 val_loss 0.0532
Epoch 40/500: train_loss: 0.0307 val_loss 0.0528
Epoch 41/500: train_loss: 0.0304 val_loss 0.0502
Saved at epoch 41.
Epoch 42/500: train_loss: 0.0282 val_loss 0.0508
Epoch 43/500: train_loss: 0.0278 val_loss 0.0521
Epoch 44/500: train_loss: 0.0276 val_loss 0.0490
Saved at epoch 44.
Epoch 45/500: train_loss: 0.0271 val_loss 0.0515
Epoch 46/500: train_loss: 0.0270 val_loss 0.0490
Epoch 47/500: train_loss: 0.0279 val_loss 0.0491
Epoch 48/500: train_loss: 0.0260 val_loss 0.0488
Saved at epoch 48.
Epoch 49/500: train_loss: 0.0258 val_loss 0.0541
Epoch 50/500: train_loss: 0.0257 val_loss 0.0511
Epoch 51/500: train_loss: 0.0239 val_loss 0.0487
Saved at epoch 51.
Epoch 52/500: train_loss: 0.0248 val_loss 0.0496
Epoch 53/500: train_loss: 0.0246 val_loss 0.0495
Epoch 54/500: train_loss: 0.0236 val_loss 0.0510
Epoch 55/500: train_loss: 0.0249 val_loss 0.0523
Epoch 56/500: train_loss: 0.0226 val_loss 0.0491
Epoch 57/500: train_loss: 0.0236 val_loss 0.0506
Epoch 58/500: train_loss: 0.0211 val_loss 0.0502
Epoch 59/500: train_loss: 0.0221 val_loss 0.0484
Saved at epoch 59.
Epoch 60/500: train_loss: 0.0221 val_loss 0.0512
Epoch 61/500: train_loss: 0.0222 val_loss 0.0495
Epoch 62/500: train_loss: 0.0200 val_loss 0.0483
Saved at epoch 62.
Epoch 63/500: train_loss: 0.0200 val_loss 0.0496
Epoch 64/500: train_loss: 0.0210 val_loss 0.0490
Epoch 65/500: train_loss: 0.0207 val_loss 0.0490
Epoch 66/500: train_loss: 0.0201 val_loss 0.0536
Epoch 67/500: train_loss: 0.0215 val_loss 0.0497
Epoch 68/500: train_loss: 0.0189 val_loss 0.0492
Epoch 69/500: train_loss: 0.0208 val_loss 0.0503
Epoch 70/500: train_loss: 0.0205 val_loss 0.0536
Epoch 71/500: train_loss: 0.0196 val_loss 0.0491
Epoch 72/500: train_loss: 0.0187 val_loss 0.0479
Saved at epoch 72.
Epoch 73/500: train_loss: 0.0188 val_loss 0.0483
Epoch 74/500: train_loss: 0.0207 val_loss 0.0486
Epoch 75/500: train_loss: 0.0190 val_loss 0.0488
Epoch 76/500: train_loss: 0.0184 val_loss 0.0517
Epoch 77/500: train_loss: 0.0177 val_loss 0.0523
Epoch 78/500: train_loss: 0.0188 val_loss 0.0506
Epoch 79/500: train_loss: 0.0184 val_loss 0.0492
Epoch 80/500: train_loss: 0.0175 val_loss 0.0522
Epoch 81/500: train_loss: 0.0191 val_loss 0.0504
Epoch 82/500: train_loss: 0.0215 val_loss 0.0503
Epoch 83/500: train_loss: 0.0188 val_loss 0.0527
Epoch 84/500: train_loss: 0.0173 val_loss 0.0496
Epoch 85/500: train_loss: 0.0162 val_loss 0.0500
Epoch 86/500: train_loss: 0.0192 val_loss 0.0512
Epoch 87/500: train_loss: 0.0176 val_loss 0.0510
Epoch 88/500: train_loss: 0.0161 val_loss 0.0508
Epoch 89/500: train_loss: 0.0182 val_loss 0.0572
Epoch 90/500: train_loss: 0.0200 val_loss 0.0514
Epoch 91/500: train_loss: 0.0172 val_loss 0.0563
Epoch 92/500: train_loss: 0.0149 val_loss 0.0529
Epoch 93/500: train_loss: 0.0156 val_loss 0.0516
Epoch 94/500: train_loss: 0.0165 val_loss 0.0542
Epoch 95/500: train_loss: 0.0172 val_loss 0.0509
Epoch 96/500: train_loss: 0.0156 val_loss 0.0530
Epoch 97/500: train_loss: 0.0173 val_loss 0.0510
Epoch 98/500: train_loss: 0.0161 val_loss 0.0544
Epoch 99/500: train_loss: 0.0166 val_loss 0.0513
Epoch 100/500: train_loss: 0.0154 val_loss 0.0504
Epoch 101/500: train_loss: 0.0147 val_loss 0.0512
Epoch 102/500: train_loss: 0.0171 val_loss 0.0522
Epoch 103/500: train_loss: 0.0163 val_loss 0.0523
Epoch 104/500: train_loss: 0.0160 val_loss 0.0516
Epoch 105/500: train_loss: 0.0183 val_loss 0.0544
Epoch 106/500: train_loss: 0.0165 val_loss 0.0605
Epoch 107/500: train_loss: 0.0181 val_loss 0.0519
Epoch 108/500: train_loss: 0.0145 val_loss 0.0514
Epoch 109/500: train_loss: 0.0142 val_loss 0.0513
Epoch 110/500: train_loss: 0.0141 val_loss 0.0523
Epoch 111/500: train_loss: 0.0163 val_loss 0.0519
Epoch 112/500: train_loss: 0.0148 val_loss 0.0502
Epoch 113/500: train_loss: 0.0165 val_loss 0.0509
Epoch 114/500: train_loss: 0.0173 val_loss 0.0507
Epoch 115/500: train_loss: 0.0167 val_loss 0.0527
Epoch 116/500: train_loss: 0.0154 val_loss 0.0511
Epoch 117/500: train_loss: 0.0142 val_loss 0.0522
Epoch 118/500: train_loss: 0.0139 val_loss 0.0512
Epoch 119/500: train_loss: 0.0192 val_loss 0.0541
Epoch 120/500: train_loss: 0.0199 val_loss 0.0504
Epoch 121/500: train_loss: 0.0156 val_loss 0.0509
Epoch 122/500: train_loss: 0.0134 val_loss 0.0510
Early stopping at epoch 122.
Test Accuracy: 98.90%
