LD=2
Using: cuda
Train proportions: tensor([0.2509, 0.2442, 0.2506, 0.2543])
Test proportions: tensor([0.2463, 0.2732, 0.2476, 0.2329])
Epoch 1/500: train_loss: 0.9270 val_loss 0.7266
Saved at epoch 1.
Epoch 2/500: train_loss: 0.6402 val_loss 0.5688
Saved at epoch 2.
Epoch 3/500: train_loss: 0.5056 val_loss 0.4416
Saved at epoch 3.
Epoch 4/500: train_loss: 0.4081 val_loss 0.3729
Saved at epoch 4.
Epoch 5/500: train_loss: 0.3601 val_loss 0.3471
Saved at epoch 5.
Epoch 6/500: train_loss: 0.3315 val_loss 0.3132
Saved at epoch 6.
Epoch 7/500: train_loss: 0.3149 val_loss 0.3054
Saved at epoch 7.
Epoch 8/500: train_loss: 0.3002 val_loss 0.2994
Saved at epoch 8.
Epoch 9/500: train_loss: 0.2893 val_loss 0.2837
Saved at epoch 9.
Epoch 10/500: train_loss: 0.2820 val_loss 0.2759
Saved at epoch 10.
Epoch 11/500: train_loss: 0.2768 val_loss 0.2731
Saved at epoch 11.
Epoch 12/500: train_loss: 0.2700 val_loss 0.2709
Saved at epoch 12.
Epoch 13/500: train_loss: 0.2631 val_loss 0.2680
Saved at epoch 13.
Epoch 14/500: train_loss: 0.2584 val_loss 0.2529
Saved at epoch 14.
Epoch 15/500: train_loss: 0.2543 val_loss 0.2542
Epoch 16/500: train_loss: 0.2491 val_loss 0.2479
Saved at epoch 16.
Epoch 17/500: train_loss: 0.2466 val_loss 0.2410
Saved at epoch 17.
Epoch 18/500: train_loss: 0.2408 val_loss 0.2432
Epoch 19/500: train_loss: 0.2391 val_loss 0.2419
Epoch 20/500: train_loss: 0.2333 val_loss 0.2324
Saved at epoch 20.
Epoch 21/500: train_loss: 0.2295 val_loss 0.2315
Saved at epoch 21.
Epoch 22/500: train_loss: 0.2274 val_loss 0.2299
Saved at epoch 22.
Epoch 23/500: train_loss: 0.2225 val_loss 0.2303
Epoch 24/500: train_loss: 0.2203 val_loss 0.2214
Saved at epoch 24.
Epoch 25/500: train_loss: 0.2163 val_loss 0.2370
Epoch 26/500: train_loss: 0.2170 val_loss 0.2171
Saved at epoch 26.
Epoch 27/500: train_loss: 0.2154 val_loss 0.2366
Epoch 28/500: train_loss: 0.2101 val_loss 0.2125
Saved at epoch 28.
Epoch 29/500: train_loss: 0.2076 val_loss 0.2251
Epoch 30/500: train_loss: 0.2050 val_loss 0.2161
Epoch 31/500: train_loss: 0.2012 val_loss 0.2070
Saved at epoch 31.
Epoch 32/500: train_loss: 0.1981 val_loss 0.2118
Epoch 33/500: train_loss: 0.1969 val_loss 0.2224
Epoch 34/500: train_loss: 0.1965 val_loss 0.2041
Saved at epoch 34.
Epoch 35/500: train_loss: 0.1932 val_loss 0.2170
Epoch 36/500: train_loss: 0.1888 val_loss 0.2074
Epoch 37/500: train_loss: 0.1919 val_loss 0.1913
Saved at epoch 37.
Epoch 38/500: train_loss: 0.1881 val_loss 0.1910
Saved at epoch 38.
Epoch 39/500: train_loss: 0.1850 val_loss 0.1913
Epoch 40/500: train_loss: 0.1824 val_loss 0.1957
Epoch 41/500: train_loss: 0.1814 val_loss 0.1865
Saved at epoch 41.
Epoch 42/500: train_loss: 0.1782 val_loss 0.1861
Saved at epoch 42.
Epoch 43/500: train_loss: 0.1765 val_loss 0.1813
Saved at epoch 43.
Epoch 44/500: train_loss: 0.1765 val_loss 0.1818
Epoch 45/500: train_loss: 0.1754 val_loss 0.1812
Saved at epoch 45.
Epoch 46/500: train_loss: 0.1743 val_loss 0.1864
Epoch 47/500: train_loss: 0.1700 val_loss 0.2015
Epoch 48/500: train_loss: 0.1713 val_loss 0.1759
Saved at epoch 48.
Epoch 49/500: train_loss: 0.1693 val_loss 0.1748
Saved at epoch 49.
Epoch 50/500: train_loss: 0.1667 val_loss 0.1768
Epoch 51/500: train_loss: 0.1660 val_loss 0.1972
Epoch 52/500: train_loss: 0.1640 val_loss 0.1818
Epoch 53/500: train_loss: 0.1634 val_loss 0.1722
Saved at epoch 53.
Epoch 54/500: train_loss: 0.1608 val_loss 0.1875
Epoch 55/500: train_loss: 0.1607 val_loss 0.1724
Epoch 56/500: train_loss: 0.1645 val_loss 0.1740
Epoch 57/500: train_loss: 0.1600 val_loss 0.1705
Saved at epoch 57.
Epoch 58/500: train_loss: 0.1624 val_loss 0.2055
Epoch 59/500: train_loss: 0.1593 val_loss 0.1741
Epoch 60/500: train_loss: 0.1579 val_loss 0.1675
Saved at epoch 60.
Epoch 61/500: train_loss: 0.1563 val_loss 0.1634
Saved at epoch 61.
Epoch 62/500: train_loss: 0.1583 val_loss 0.1729
Epoch 63/500: train_loss: 0.1544 val_loss 0.1631
Saved at epoch 63.
Epoch 64/500: train_loss: 0.1565 val_loss 0.1642
Epoch 65/500: train_loss: 0.1537 val_loss 0.1644
Epoch 66/500: train_loss: 0.1544 val_loss 0.1679
Epoch 67/500: train_loss: 0.1529 val_loss 0.1633
Epoch 68/500: train_loss: 0.1540 val_loss 0.1626
Saved at epoch 68.
Epoch 69/500: train_loss: 0.1549 val_loss 0.1614
Saved at epoch 69.
Epoch 70/500: train_loss: 0.1539 val_loss 0.1657
Epoch 71/500: train_loss: 0.1541 val_loss 0.1811
Epoch 72/500: train_loss: 0.1511 val_loss 0.1683
Epoch 73/500: train_loss: 0.1519 val_loss 0.1779
Epoch 74/500: train_loss: 0.1521 val_loss 0.1604
Saved at epoch 74.
Epoch 75/500: train_loss: 0.1515 val_loss 0.1815
Epoch 76/500: train_loss: 0.1473 val_loss 0.1608
Epoch 77/500: train_loss: 0.1480 val_loss 0.1626
Epoch 78/500: train_loss: 0.1477 val_loss 0.1759
Epoch 79/500: train_loss: 0.1521 val_loss 0.1615
Epoch 80/500: train_loss: 0.1518 val_loss 0.1586
Saved at epoch 80.
Epoch 81/500: train_loss: 0.1469 val_loss 0.1530
Saved at epoch 81.
Epoch 82/500: train_loss: 0.1479 val_loss 0.1550
Epoch 83/500: train_loss: 0.1453 val_loss 0.1598
Epoch 84/500: train_loss: 0.1497 val_loss 0.1604
Epoch 85/500: train_loss: 0.1489 val_loss 0.1594
Epoch 86/500: train_loss: 0.1464 val_loss 0.1529
Saved at epoch 86.
Epoch 87/500: train_loss: 0.1456 val_loss 0.1569
Epoch 88/500: train_loss: 0.1443 val_loss 0.1623
Epoch 89/500: train_loss: 0.1429 val_loss 0.1559
Epoch 90/500: train_loss: 0.1444 val_loss 0.1570
Epoch 91/500: train_loss: 0.1435 val_loss 0.1589
Epoch 92/500: train_loss: 0.1434 val_loss 0.1560
Epoch 93/500: train_loss: 0.1431 val_loss 0.1533
Epoch 94/500: train_loss: 0.1436 val_loss 0.1497
Saved at epoch 94.
Epoch 95/500: train_loss: 0.1448 val_loss 0.1566
Epoch 96/500: train_loss: 0.1440 val_loss 0.1575
Epoch 97/500: train_loss: 0.1415 val_loss 0.1496
Saved at epoch 97.
Epoch 98/500: train_loss: 0.1420 val_loss 0.1504
Epoch 99/500: train_loss: 0.1416 val_loss 0.1496
Epoch 100/500: train_loss: 0.1424 val_loss 0.1530
Epoch 101/500: train_loss: 0.1427 val_loss 0.1521
Epoch 102/500: train_loss: 0.1429 val_loss 0.1504
Epoch 103/500: train_loss: 0.1409 val_loss 0.1588
Epoch 104/500: train_loss: 0.1403 val_loss 0.1486
Saved at epoch 104.
Epoch 105/500: train_loss: 0.1450 val_loss 0.1489
Epoch 106/500: train_loss: 0.1404 val_loss 0.1550
Epoch 107/500: train_loss: 0.1413 val_loss 0.1512
Epoch 108/500: train_loss: 0.1421 val_loss 0.1711
Epoch 109/500: train_loss: 0.1389 val_loss 0.1661
Epoch 110/500: train_loss: 0.1416 val_loss 0.1503
Epoch 111/500: train_loss: 0.1412 val_loss 0.1664
Epoch 112/500: train_loss: 0.1376 val_loss 0.1562
Epoch 113/500: train_loss: 0.1381 val_loss 0.1557
Epoch 114/500: train_loss: 0.1371 val_loss 0.1942
Epoch 115/500: train_loss: 0.1405 val_loss 0.1501
Epoch 116/500: train_loss: 0.1373 val_loss 0.1642
Epoch 117/500: train_loss: 0.1417 val_loss 0.1515
Epoch 118/500: train_loss: 0.1372 val_loss 0.1512
Epoch 119/500: train_loss: 0.1376 val_loss 0.1548
Epoch 120/500: train_loss: 0.1383 val_loss 0.1629
Epoch 121/500: train_loss: 0.1372 val_loss 0.1503
Epoch 122/500: train_loss: 0.1381 val_loss 0.1555
Epoch 123/500: train_loss: 0.1409 val_loss 0.1562
Epoch 124/500: train_loss: 0.1386 val_loss 0.1553
Epoch 125/500: train_loss: 0.1381 val_loss 0.1494
Epoch 126/500: train_loss: 0.1375 val_loss 0.1505
Epoch 127/500: train_loss: 0.1401 val_loss 0.1524
Epoch 128/500: train_loss: 0.1391 val_loss 0.1481
Saved at epoch 128.
Epoch 129/500: train_loss: 0.1361 val_loss 0.1541
Epoch 130/500: train_loss: 0.1372 val_loss 0.1509
Epoch 131/500: train_loss: 0.1346 val_loss 0.1526
Epoch 132/500: train_loss: 0.1357 val_loss 0.1467
Saved at epoch 132.
Epoch 133/500: train_loss: 0.1359 val_loss 0.1457
Saved at epoch 133.
Epoch 134/500: train_loss: 0.1347 val_loss 0.1597
Epoch 135/500: train_loss: 0.1366 val_loss 0.1464
Epoch 136/500: train_loss: 0.1392 val_loss 0.1488
Epoch 137/500: train_loss: 0.1346 val_loss 0.1579
Epoch 138/500: train_loss: 0.1348 val_loss 0.1491
Epoch 139/500: train_loss: 0.1350 val_loss 0.1461
Epoch 140/500: train_loss: 0.1362 val_loss 0.1638
Epoch 141/500: train_loss: 0.1351 val_loss 0.1712
Epoch 142/500: train_loss: 0.1401 val_loss 0.1495
Epoch 143/500: train_loss: 0.1352 val_loss 0.1488
Epoch 144/500: train_loss: 0.1323 val_loss 0.1712
Epoch 145/500: train_loss: 0.1368 val_loss 0.1538
Epoch 146/500: train_loss: 0.1344 val_loss 0.1480
Epoch 147/500: train_loss: 0.1342 val_loss 0.1515
Epoch 148/500: train_loss: 0.1371 val_loss 0.1530
Epoch 149/500: train_loss: 0.1358 val_loss 0.1484
Epoch 150/500: train_loss: 0.1342 val_loss 0.1507
Epoch 151/500: train_loss: 0.1344 val_loss 0.1626
Epoch 152/500: train_loss: 0.1345 val_loss 0.1488
Epoch 153/500: train_loss: 0.1362 val_loss 0.1450
Saved at epoch 153.
Epoch 154/500: train_loss: 0.1318 val_loss 0.1510
Epoch 155/500: train_loss: 0.1335 val_loss 0.1467
Epoch 156/500: train_loss: 0.1345 val_loss 0.1564
Epoch 157/500: train_loss: 0.1365 val_loss 0.1479
Epoch 158/500: train_loss: 0.1321 val_loss 0.1515
Epoch 159/500: train_loss: 0.1350 val_loss 0.1465
Epoch 160/500: train_loss: 0.1318 val_loss 0.1491
Epoch 161/500: train_loss: 0.1326 val_loss 0.1573
Epoch 162/500: train_loss: 0.1338 val_loss 0.1597
Epoch 163/500: train_loss: 0.1338 val_loss 0.1474
Epoch 164/500: train_loss: 0.1337 val_loss 0.1481
Epoch 165/500: train_loss: 0.1331 val_loss 0.1514
Epoch 166/500: train_loss: 0.1320 val_loss 0.1499
Epoch 167/500: train_loss: 0.1314 val_loss 0.1561
Epoch 168/500: train_loss: 0.1336 val_loss 0.1427
Saved at epoch 168.
Epoch 169/500: train_loss: 0.1329 val_loss 0.1531
Epoch 170/500: train_loss: 0.1353 val_loss 0.1492
Epoch 171/500: train_loss: 0.1349 val_loss 0.1469
Epoch 172/500: train_loss: 0.1331 val_loss 0.1477
Epoch 173/500: train_loss: 0.1317 val_loss 0.1492
Epoch 174/500: train_loss: 0.1318 val_loss 0.1544
Epoch 175/500: train_loss: 0.1303 val_loss 0.1451
Epoch 176/500: train_loss: 0.1323 val_loss 0.1478
Epoch 177/500: train_loss: 0.1319 val_loss 0.1609
Epoch 178/500: train_loss: 0.1327 val_loss 0.1413
Saved at epoch 178.
Epoch 179/500: train_loss: 0.1323 val_loss 0.1492
Epoch 180/500: train_loss: 0.1352 val_loss 0.1503
Epoch 181/500: train_loss: 0.1334 val_loss 0.1470
Epoch 182/500: train_loss: 0.1317 val_loss 0.1447
Epoch 183/500: train_loss: 0.1326 val_loss 0.1753
Epoch 184/500: train_loss: 0.1375 val_loss 0.1489
Epoch 185/500: train_loss: 0.1325 val_loss 0.1511
Epoch 186/500: train_loss: 0.1295 val_loss 0.1527
Epoch 187/500: train_loss: 0.1321 val_loss 0.1516
Epoch 188/500: train_loss: 0.1317 val_loss 0.1572
Epoch 189/500: train_loss: 0.1304 val_loss 0.1551
Epoch 190/500: train_loss: 0.1328 val_loss 0.1521
Epoch 191/500: train_loss: 0.1335 val_loss 0.1477
Epoch 192/500: train_loss: 0.1298 val_loss 0.1498
Epoch 193/500: train_loss: 0.1303 val_loss 0.1591
Epoch 194/500: train_loss: 0.1309 val_loss 0.1472
Epoch 195/500: train_loss: 0.1308 val_loss 0.1461
Epoch 196/500: train_loss: 0.1307 val_loss 0.1470
Epoch 197/500: train_loss: 0.1324 val_loss 0.1459
Epoch 198/500: train_loss: 0.1312 val_loss 0.1460
Epoch 199/500: train_loss: 0.1295 val_loss 0.1482
Epoch 200/500: train_loss: 0.1313 val_loss 0.1527
Epoch 201/500: train_loss: 0.1321 val_loss 0.1484
Epoch 202/500: train_loss: 0.1323 val_loss 0.1530
Epoch 203/500: train_loss: 0.1295 val_loss 0.1498
Epoch 204/500: train_loss: 0.1312 val_loss 0.1457
Epoch 205/500: train_loss: 0.1289 val_loss 0.1488
Epoch 206/500: train_loss: 0.1317 val_loss 0.1486
Epoch 207/500: train_loss: 0.1324 val_loss 0.1491
Epoch 208/500: train_loss: 0.1288 val_loss 0.1438
Epoch 209/500: train_loss: 0.1319 val_loss 0.1485
Epoch 210/500: train_loss: 0.1285 val_loss 0.1436
Epoch 211/500: train_loss: 0.1300 val_loss 0.1503
Epoch 212/500: train_loss: 0.1306 val_loss 0.1482
Epoch 213/500: train_loss: 0.1266 val_loss 0.1530
Epoch 214/500: train_loss: 0.1295 val_loss 0.1425
Epoch 215/500: train_loss: 0.1278 val_loss 0.1422
Epoch 216/500: train_loss: 0.1297 val_loss 0.1472
Epoch 217/500: train_loss: 0.1313 val_loss 0.1478
Epoch 218/500: train_loss: 0.1278 val_loss 0.1479
Epoch 219/500: train_loss: 0.1311 val_loss 0.1430
Epoch 220/500: train_loss: 0.1277 val_loss 0.1541
Epoch 221/500: train_loss: 0.1315 val_loss 0.1421
Epoch 222/500: train_loss: 0.1261 val_loss 0.1514
Epoch 223/500: train_loss: 0.1276 val_loss 0.1415
Epoch 224/500: train_loss: 0.1290 val_loss 0.1427
Epoch 225/500: train_loss: 0.1291 val_loss 0.1519
Epoch 226/500: train_loss: 0.1287 val_loss 0.1461
Epoch 227/500: train_loss: 0.1276 val_loss 0.1478
Epoch 228/500: train_loss: 0.1305 val_loss 0.1501
Early stopping at epoch 228.
Test Accuracy: 93.66%
