LD=2
Using: cuda
Epoch 1/2000 | Loss: 0.0801175763
Saved at epoch 1.
Epoch 2/2000 | Loss: 0.0130828580
Saved at epoch 2.
Epoch 3/2000 | Loss: 0.0082396061
Saved at epoch 3.
Epoch 4/2000 | Loss: 0.0065567505
Saved at epoch 4.
Epoch 5/2000 | Loss: 0.0058883289
Saved at epoch 5.
Epoch 6/2000 | Loss: 0.0054039996
Saved at epoch 6.
Epoch 7/2000 | Loss: 0.0050702982
Saved at epoch 7.
Epoch 8/2000 | Loss: 0.0049817695
Saved at epoch 8.
Epoch 9/2000 | Loss: 0.0046072423
Saved at epoch 9.
Epoch 10/2000 | Loss: 0.0044941430
Saved at epoch 10.
Epoch 11/2000 | Loss: 0.0045124838
Epoch 12/2000 | Loss: 0.0049372855
Epoch 13/2000 | Loss: 0.0042778029
Saved at epoch 13.
Epoch 14/2000 | Loss: 0.0042628618
Saved at epoch 14.
Epoch 15/2000 | Loss: 0.0039935303
Saved at epoch 15.
Epoch 16/2000 | Loss: 0.0041920282
Epoch 17/2000 | Loss: 0.0039406072
Saved at epoch 17.
Epoch 18/2000 | Loss: 0.0037514232
Saved at epoch 18.
Epoch 19/2000 | Loss: 0.0037055035
Saved at epoch 19.
Epoch 20/2000 | Loss: 0.0036661073
Saved at epoch 20.
Epoch 21/2000 | Loss: 0.0036719152
Epoch 22/2000 | Loss: 0.0033421746
Saved at epoch 22.
Epoch 23/2000 | Loss: 0.0036277603
Epoch 24/2000 | Loss: 0.0032763424
Saved at epoch 24.
Epoch 25/2000 | Loss: 0.0032190723
Saved at epoch 25.
Epoch 26/2000 | Loss: 0.0033513382
Epoch 27/2000 | Loss: 0.0033819566
Epoch 28/2000 | Loss: 0.0035549651
Epoch 29/2000 | Loss: 0.0032983705
Epoch 30/2000 | Loss: 0.0031118691
Saved at epoch 30.
Epoch 31/2000 | Loss: 0.0032368802
Epoch 32/2000 | Loss: 0.0030486389
Saved at epoch 32.
Epoch 33/2000 | Loss: 0.0032192116
Epoch 34/2000 | Loss: 0.0032192628
Epoch 35/2000 | Loss: 0.0031890749
Epoch 36/2000 | Loss: 0.0030853504
Epoch 37/2000 | Loss: 0.0028671032
Saved at epoch 37.
Epoch 38/2000 | Loss: 0.0029245881
Epoch 39/2000 | Loss: 0.0028938599
Epoch 40/2000 | Loss: 0.0030731946
Epoch 41/2000 | Loss: 0.0027930154
Saved at epoch 41.
Epoch 42/2000 | Loss: 0.0027996379
Epoch 43/2000 | Loss: 0.0029420677
Epoch 44/2000 | Loss: 0.0026334909
Saved at epoch 44.
Epoch 45/2000 | Loss: 0.0027885558
Epoch 46/2000 | Loss: 0.0032410255
Epoch 47/2000 | Loss: 0.0026360007
Epoch 48/2000 | Loss: 0.0024981540
Saved at epoch 48.
Epoch 49/2000 | Loss: 0.0027423977
Epoch 50/2000 | Loss: 0.0025285394
Epoch 51/2000 | Loss: 0.0025804034
Epoch 52/2000 | Loss: 0.0025740920
Epoch 53/2000 | Loss: 0.0025629970
Epoch 54/2000 | Loss: 0.0025029409
Epoch 55/2000 | Loss: 0.0024318167
Saved at epoch 55.
Epoch 56/2000 | Loss: 0.0025317510
Epoch 57/2000 | Loss: 0.0027276254
Epoch 58/2000 | Loss: 0.0029533287
Epoch 59/2000 | Loss: 0.0025372669
Epoch 60/2000 | Loss: 0.0024121318
Saved at epoch 60.
Epoch 61/2000 | Loss: 0.0023786669
Saved at epoch 61.
Epoch 62/2000 | Loss: 0.0027773355
Epoch 63/2000 | Loss: 0.0027848425
Epoch 64/2000 | Loss: 0.0025963866
Epoch 65/2000 | Loss: 0.0023500911
Saved at epoch 65.
Epoch 66/2000 | Loss: 0.0023615152
Epoch 67/2000 | Loss: 0.0024789558
Epoch 68/2000 | Loss: 0.0023033042
Saved at epoch 68.
Epoch 69/2000 | Loss: 0.0023924326
Epoch 70/2000 | Loss: 0.0022938296
Saved at epoch 70.
Epoch 71/2000 | Loss: 0.0022561851
Saved at epoch 71.
Epoch 72/2000 | Loss: 0.0022279652
Saved at epoch 72.
Epoch 73/2000 | Loss: 0.0022654181
Epoch 74/2000 | Loss: 0.0023048824
Epoch 75/2000 | Loss: 0.0026001923
Epoch 76/2000 | Loss: 0.0026892325
Epoch 77/2000 | Loss: 0.0029150273
Epoch 78/2000 | Loss: 0.0023312250
Epoch 79/2000 | Loss: 0.0023200796
Epoch 80/2000 | Loss: 0.0022039636
Saved at epoch 80.
Epoch 81/2000 | Loss: 0.0022403845
Epoch 82/2000 | Loss: 0.0023252176
Epoch 83/2000 | Loss: 0.0021563511
Saved at epoch 83.
Epoch 84/2000 | Loss: 0.0021338708
Saved at epoch 84.
Epoch 85/2000 | Loss: 0.0022191139
Epoch 86/2000 | Loss: 0.0022333373
Epoch 87/2000 | Loss: 0.0021914020
Epoch 88/2000 | Loss: 0.0021593678
Epoch 89/2000 | Loss: 0.0021346702
Epoch 90/2000 | Loss: 0.0022543096
Epoch 91/2000 | Loss: 0.0022094571
Epoch 92/2000 | Loss: 0.0022153113
Epoch 93/2000 | Loss: 0.0023192370
Epoch 94/2000 | Loss: 0.0021419774
Epoch 95/2000 | Loss: 0.0020569319
Saved at epoch 95.
Epoch 96/2000 | Loss: 0.0027897673
Epoch 97/2000 | Loss: 0.0025521596
Epoch 98/2000 | Loss: 0.0023736898
Epoch 99/2000 | Loss: 0.0021537368
Epoch 100/2000 | Loss: 0.0020561570
Saved at epoch 100.
Epoch 101/2000 | Loss: 0.0020703978
Epoch 102/2000 | Loss: 0.0022003357
Epoch 103/2000 | Loss: 0.0021033197
Epoch 104/2000 | Loss: 0.0021453963
Epoch 105/2000 | Loss: 0.0022275124
Epoch 106/2000 | Loss: 0.0021621592
Epoch 107/2000 | Loss: 0.0021787324
Epoch 108/2000 | Loss: 0.0020363636
Saved at epoch 108.
Epoch 109/2000 | Loss: 0.0020104239
Saved at epoch 109.
Epoch 110/2000 | Loss: 0.0022322918
Epoch 111/2000 | Loss: 0.0021290213
Epoch 112/2000 | Loss: 0.0023787194
Epoch 113/2000 | Loss: 0.0021254101
Epoch 114/2000 | Loss: 0.0019156646
Saved at epoch 114.
Epoch 115/2000 | Loss: 0.0019917665
Epoch 116/2000 | Loss: 0.0019149252
Saved at epoch 116.
Epoch 117/2000 | Loss: 0.0020068803
Epoch 118/2000 | Loss: 0.0020135865
Epoch 119/2000 | Loss: 0.0019254350
Epoch 120/2000 | Loss: 0.0020076757
Epoch 121/2000 | Loss: 0.0022849165
Epoch 122/2000 | Loss: 0.0019538350
Epoch 123/2000 | Loss: 0.0022172047
Epoch 124/2000 | Loss: 0.0023916684
Epoch 125/2000 | Loss: 0.0021314295
Epoch 126/2000 | Loss: 0.0019370931
Epoch 127/2000 | Loss: 0.0019658439
Epoch 128/2000 | Loss: 0.0022039639
Epoch 129/2000 | Loss: 0.0021986007
Epoch 130/2000 | Loss: 0.0019161894
Epoch 131/2000 | Loss: 0.0019188732
Epoch 132/2000 | Loss: 0.0018481617
Saved at epoch 132.
Epoch 133/2000 | Loss: 0.0018722493
Epoch 134/2000 | Loss: 0.0018479723
Saved at epoch 134.
Epoch 135/2000 | Loss: 0.0019330305
Epoch 136/2000 | Loss: 0.0019025603
Epoch 137/2000 | Loss: 0.0018864874
Epoch 138/2000 | Loss: 0.0018174397
Saved at epoch 138.
Epoch 139/2000 | Loss: 0.0022375043
Epoch 140/2000 | Loss: 0.0021095390
Epoch 141/2000 | Loss: 0.0019239592
Epoch 142/2000 | Loss: 0.0018893268
Epoch 143/2000 | Loss: 0.0018125275
Saved at epoch 143.
Epoch 144/2000 | Loss: 0.0018324158
Epoch 145/2000 | Loss: 0.0018290390
Epoch 146/2000 | Loss: 0.0018859689
Epoch 147/2000 | Loss: 0.0018364627
Epoch 148/2000 | Loss: 0.0017848673
Saved at epoch 148.
Epoch 149/2000 | Loss: 0.0019085740
Epoch 150/2000 | Loss: 0.0018172223
Epoch 151/2000 | Loss: 0.0018607219
Epoch 152/2000 | Loss: 0.0018594579
Epoch 153/2000 | Loss: 0.0018586466
Epoch 154/2000 | Loss: 0.0019357352
Epoch 155/2000 | Loss: 0.0022183047
Epoch 156/2000 | Loss: 0.0018941724
Epoch 157/2000 | Loss: 0.0018313432
Epoch 158/2000 | Loss: 0.0018533225
Epoch 159/2000 | Loss: 0.0018107233
Epoch 160/2000 | Loss: 0.0018926308
Epoch 161/2000 | Loss: 0.0019748874
Epoch 162/2000 | Loss: 0.0019623297
Epoch 163/2000 | Loss: 0.0017581547
Saved at epoch 163.
Epoch 164/2000 | Loss: 0.0017133327
Saved at epoch 164.
Epoch 165/2000 | Loss: 0.0017372413
Epoch 166/2000 | Loss: 0.0017132200
Saved at epoch 166.
Epoch 167/2000 | Loss: 0.0018167189
Epoch 168/2000 | Loss: 0.0017690268
Epoch 169/2000 | Loss: 0.0020794749
Epoch 170/2000 | Loss: 0.0018972270
Epoch 171/2000 | Loss: 0.0017221156
Epoch 172/2000 | Loss: 0.0017268074
Epoch 173/2000 | Loss: 0.0018336174
Epoch 174/2000 | Loss: 0.0018382548
Epoch 175/2000 | Loss: 0.0018820713
Epoch 176/2000 | Loss: 0.0017859894
Epoch 177/2000 | Loss: 0.0017844434
Epoch 178/2000 | Loss: 0.0017235918
Epoch 179/2000 | Loss: 0.0017074612
Saved at epoch 179.
Epoch 180/2000 | Loss: 0.0017832483
Epoch 181/2000 | Loss: 0.0024235722
Epoch 182/2000 | Loss: 0.0017963777
Epoch 183/2000 | Loss: 0.0017757865
Epoch 184/2000 | Loss: 0.0020365331
Epoch 185/2000 | Loss: 0.0018591602
Epoch 186/2000 | Loss: 0.0016266567
Saved at epoch 186.
Epoch 187/2000 | Loss: 0.0016179376
Saved at epoch 187.
Epoch 188/2000 | Loss: 0.0017053773
Epoch 189/2000 | Loss: 0.0018892651
Epoch 190/2000 | Loss: 0.0018206787
Epoch 191/2000 | Loss: 0.0017809222
Epoch 192/2000 | Loss: 0.0016739032
Epoch 193/2000 | Loss: 0.0016922148
Epoch 194/2000 | Loss: 0.0016929846
Epoch 195/2000 | Loss: 0.0017705174
Epoch 196/2000 | Loss: 0.0016259294
Epoch 197/2000 | Loss: 0.0016358402
Epoch 198/2000 | Loss: 0.0015966174
Saved at epoch 198.
Epoch 199/2000 | Loss: 0.0016050402
Epoch 200/2000 | Loss: 0.0016672141
Epoch 201/2000 | Loss: 0.0016388027
Epoch 202/2000 | Loss: 0.0017431903
Epoch 203/2000 | Loss: 0.0017930959
Epoch 204/2000 | Loss: 0.0016472557
Epoch 205/2000 | Loss: 0.0017457420
Epoch 206/2000 | Loss: 0.0017917125
Epoch 207/2000 | Loss: 0.0018658158
Epoch 208/2000 | Loss: 0.0019237697
Epoch 209/2000 | Loss: 0.0017792620
Epoch 210/2000 | Loss: 0.0017654335
Epoch 211/2000 | Loss: 0.0016230885
Epoch 212/2000 | Loss: 0.0015509057
Saved at epoch 212.
Epoch 213/2000 | Loss: 0.0016042939
Epoch 214/2000 | Loss: 0.0016483712
Epoch 215/2000 | Loss: 0.0015389090
Saved at epoch 215.
Epoch 216/2000 | Loss: 0.0017610474
Epoch 217/2000 | Loss: 0.0018292113
Epoch 218/2000 | Loss: 0.0017799741
Epoch 219/2000 | Loss: 0.0016073292
Epoch 220/2000 | Loss: 0.0015309166
Saved at epoch 220.
Epoch 221/2000 | Loss: 0.0019624691
Epoch 222/2000 | Loss: 0.0017830911
Epoch 223/2000 | Loss: 0.0016103661
Epoch 224/2000 | Loss: 0.0015821471
Epoch 225/2000 | Loss: 0.0019069042
Epoch 226/2000 | Loss: 0.0018221205
Epoch 227/2000 | Loss: 0.0016390337
Epoch 228/2000 | Loss: 0.0016301831
Epoch 229/2000 | Loss: 0.0015183021
Saved at epoch 229.
Epoch 230/2000 | Loss: 0.0016814623
Epoch 231/2000 | Loss: 0.0017517243
Epoch 232/2000 | Loss: 0.0016006817
Epoch 233/2000 | Loss: 0.0017490579
Epoch 234/2000 | Loss: 0.0015423559
Epoch 235/2000 | Loss: 0.0016115092
Epoch 236/2000 | Loss: 0.0018568877
Epoch 237/2000 | Loss: 0.0017899812
Epoch 238/2000 | Loss: 0.0016926552
Epoch 239/2000 | Loss: 0.0015752141
Epoch 240/2000 | Loss: 0.0014938576
Saved at epoch 240.
Epoch 241/2000 | Loss: 0.0014317259
Saved at epoch 241.
Epoch 242/2000 | Loss: 0.0015591961
Epoch 243/2000 | Loss: 0.0015402727
Epoch 244/2000 | Loss: 0.0016373848
Epoch 245/2000 | Loss: 0.0014707684
Epoch 246/2000 | Loss: 0.0014835765
Epoch 247/2000 | Loss: 0.0014868802
Epoch 248/2000 | Loss: 0.0015679260
Epoch 249/2000 | Loss: 0.0014545007
Epoch 250/2000 | Loss: 0.0014979820
Epoch 251/2000 | Loss: 0.0015149803
Epoch 252/2000 | Loss: 0.0014724900
Epoch 253/2000 | Loss: 0.0015802526
Epoch 254/2000 | Loss: 0.0015525837
Epoch 255/2000 | Loss: 0.0014926278
Epoch 256/2000 | Loss: 0.0016111891
Epoch 257/2000 | Loss: 0.0016718362
Epoch 258/2000 | Loss: 0.0016113790
Epoch 259/2000 | Loss: 0.0015734219
Epoch 260/2000 | Loss: 0.0016346370
Epoch 261/2000 | Loss: 0.0015527582
Epoch 262/2000 | Loss: 0.0015306400
Epoch 263/2000 | Loss: 0.0014560914
Epoch 264/2000 | Loss: 0.0015979365
Epoch 265/2000 | Loss: 0.0017033562
Epoch 266/2000 | Loss: 0.0015171757
Epoch 267/2000 | Loss: 0.0016943139
Epoch 268/2000 | Loss: 0.0014808565
Epoch 269/2000 | Loss: 0.0014747724
Epoch 270/2000 | Loss: 0.0015225762
Epoch 271/2000 | Loss: 0.0016250288
Epoch 272/2000 | Loss: 0.0017045981
Epoch 273/2000 | Loss: 0.0016456808
Epoch 274/2000 | Loss: 0.0014295757
Saved at epoch 274.
Epoch 275/2000 | Loss: 0.0013627935
Saved at epoch 275.
Epoch 276/2000 | Loss: 0.0014151345
Epoch 277/2000 | Loss: 0.0014815777
Epoch 278/2000 | Loss: 0.0014132072
Epoch 279/2000 | Loss: 0.0014005826
Epoch 280/2000 | Loss: 0.0015034739
Epoch 281/2000 | Loss: 0.0014465683
Epoch 282/2000 | Loss: 0.0014355496
Epoch 283/2000 | Loss: 0.0014477341
Epoch 284/2000 | Loss: 0.0015919802
Epoch 285/2000 | Loss: 0.0016462619
Epoch 286/2000 | Loss: 0.0020165938
Epoch 287/2000 | Loss: 0.0016826781
Epoch 288/2000 | Loss: 0.0014106908
Epoch 289/2000 | Loss: 0.0013360005
Saved at epoch 289.
Epoch 290/2000 | Loss: 0.0013753583
Epoch 291/2000 | Loss: 0.0014407957
Epoch 292/2000 | Loss: 0.0014243268
Epoch 293/2000 | Loss: 0.0014734648
Epoch 294/2000 | Loss: 0.0014927308
Epoch 295/2000 | Loss: 0.0014580268
Epoch 296/2000 | Loss: 0.0014963826
Epoch 297/2000 | Loss: 0.0014277917
Epoch 298/2000 | Loss: 0.0013939010
Epoch 299/2000 | Loss: 0.0014650785
Epoch 300/2000 | Loss: 0.0015688837
Epoch 301/2000 | Loss: 0.0013772930
Epoch 302/2000 | Loss: 0.0014215208
Epoch 303/2000 | Loss: 0.0014308259
Epoch 304/2000 | Loss: 0.0015138975
Epoch 305/2000 | Loss: 0.0014425980
Epoch 306/2000 | Loss: 0.0013964590
Epoch 307/2000 | Loss: 0.0013834821
Epoch 308/2000 | Loss: 0.0013775487
Epoch 309/2000 | Loss: 0.0013603184
Epoch 310/2000 | Loss: 0.0013223683
Saved at epoch 310.
Epoch 311/2000 | Loss: 0.0014295267
Epoch 312/2000 | Loss: 0.0014115094
Epoch 313/2000 | Loss: 0.0013367258
Epoch 314/2000 | Loss: 0.0013421905
Epoch 315/2000 | Loss: 0.0017343976
Epoch 316/2000 | Loss: 0.0014749493
Epoch 317/2000 | Loss: 0.0015055737
Epoch 318/2000 | Loss: 0.0015345228
Epoch 319/2000 | Loss: 0.0018386047
Epoch 320/2000 | Loss: 0.0014469993
Epoch 321/2000 | Loss: 0.0013580779
Epoch 322/2000 | Loss: 0.0014116913
Epoch 323/2000 | Loss: 0.0013602431
Epoch 324/2000 | Loss: 0.0013450821
Epoch 325/2000 | Loss: 0.0014026586
Epoch 326/2000 | Loss: 0.0014575450
Epoch 327/2000 | Loss: 0.0015470400
Epoch 328/2000 | Loss: 0.0014342243
Epoch 329/2000 | Loss: 0.0014609434
Epoch 330/2000 | Loss: 0.0013875257
Epoch 331/2000 | Loss: 0.0015519048
Epoch 332/2000 | Loss: 0.0013370115
Epoch 333/2000 | Loss: 0.0013199209
Saved at epoch 333.
Epoch 334/2000 | Loss: 0.0013504733
Epoch 335/2000 | Loss: 0.0013465358
Epoch 336/2000 | Loss: 0.0013245127
Epoch 337/2000 | Loss: 0.0014320484
Epoch 338/2000 | Loss: 0.0014179453
Epoch 339/2000 | Loss: 0.0015013157
Epoch 340/2000 | Loss: 0.0014965147
Epoch 341/2000 | Loss: 0.0014502300
Epoch 342/2000 | Loss: 0.0013348104
Epoch 343/2000 | Loss: 0.0013724160
Epoch 344/2000 | Loss: 0.0013133314
Saved at epoch 344.
Epoch 345/2000 | Loss: 0.0013657903
Epoch 346/2000 | Loss: 0.0015079966
Epoch 347/2000 | Loss: 0.0013605753
Epoch 348/2000 | Loss: 0.0012624446
Saved at epoch 348.
Epoch 349/2000 | Loss: 0.0012637384
Epoch 350/2000 | Loss: 0.0013089125
Epoch 351/2000 | Loss: 0.0012553019
Saved at epoch 351.
Epoch 352/2000 | Loss: 0.0012448711
Saved at epoch 352.
Epoch 353/2000 | Loss: 0.0012851590
Epoch 354/2000 | Loss: 0.0013253887
Epoch 355/2000 | Loss: 0.0013240904
Epoch 356/2000 | Loss: 0.0013356909
Epoch 357/2000 | Loss: 0.0013999804
Epoch 358/2000 | Loss: 0.0014656489
Epoch 359/2000 | Loss: 0.0016055473
Epoch 360/2000 | Loss: 0.0015313330
Epoch 361/2000 | Loss: 0.0014361270
Epoch 362/2000 | Loss: 0.0013046542
Epoch 363/2000 | Loss: 0.0013559748
Epoch 364/2000 | Loss: 0.0013734752
Epoch 365/2000 | Loss: 0.0018338515
Epoch 366/2000 | Loss: 0.0013058392
Epoch 367/2000 | Loss: 0.0012932029
Epoch 368/2000 | Loss: 0.0012495831
Epoch 369/2000 | Loss: 0.0012301830
Saved at epoch 369.
Epoch 370/2000 | Loss: 0.0012921678
Epoch 371/2000 | Loss: 0.0012365120
Epoch 372/2000 | Loss: 0.0012236976
Saved at epoch 372.
Epoch 373/2000 | Loss: 0.0012519576
Epoch 374/2000 | Loss: 0.0012981456
Epoch 375/2000 | Loss: 0.0014805687
Epoch 376/2000 | Loss: 0.0014175808
Epoch 377/2000 | Loss: 0.0012614297
Epoch 378/2000 | Loss: 0.0015628381
Epoch 379/2000 | Loss: 0.0014660538
Epoch 380/2000 | Loss: 0.0014594550
Epoch 381/2000 | Loss: 0.0012467619
Epoch 382/2000 | Loss: 0.0012612262
Epoch 383/2000 | Loss: 0.0012595048
Epoch 384/2000 | Loss: 0.0012471595
Epoch 385/2000 | Loss: 0.0014602469
Epoch 386/2000 | Loss: 0.0013474239
Epoch 387/2000 | Loss: 0.0016750264
Epoch 388/2000 | Loss: 0.0013279033
Epoch 389/2000 | Loss: 0.0012937536
Epoch 390/2000 | Loss: 0.0013348702
Epoch 391/2000 | Loss: 0.0012855343
Epoch 392/2000 | Loss: 0.0011630181
Saved at epoch 392.
Epoch 393/2000 | Loss: 0.0012558812
Epoch 394/2000 | Loss: 0.0011971254
Epoch 395/2000 | Loss: 0.0012156781
Epoch 396/2000 | Loss: 0.0012292991
Epoch 397/2000 | Loss: 0.0013168464
Epoch 398/2000 | Loss: 0.0012985761
Epoch 399/2000 | Loss: 0.0012301919
Epoch 400/2000 | Loss: 0.0012172840
Epoch 401/2000 | Loss: 0.0012968399
Epoch 402/2000 | Loss: 0.0015800556
Epoch 403/2000 | Loss: 0.0016129624
Epoch 404/2000 | Loss: 0.0014019153
Epoch 405/2000 | Loss: 0.0012739855
Epoch 406/2000 | Loss: 0.0013405686
Epoch 407/2000 | Loss: 0.0014494569
Epoch 408/2000 | Loss: 0.0015978385
Epoch 409/2000 | Loss: 0.0013874445
Epoch 410/2000 | Loss: 0.0013098873
Epoch 411/2000 | Loss: 0.0012615267
Epoch 412/2000 | Loss: 0.0014249651
Epoch 413/2000 | Loss: 0.0013114807
Epoch 414/2000 | Loss: 0.0012755506
Epoch 415/2000 | Loss: 0.0012164804
Epoch 416/2000 | Loss: 0.0011649770
Epoch 417/2000 | Loss: 0.0011473936
Saved at epoch 417.
Epoch 418/2000 | Loss: 0.0012204690
Epoch 419/2000 | Loss: 0.0012020198
Epoch 420/2000 | Loss: 0.0011460705
Saved at epoch 420.
Epoch 421/2000 | Loss: 0.0011692549
Epoch 422/2000 | Loss: 0.0011610490
Epoch 423/2000 | Loss: 0.0011834475
Epoch 424/2000 | Loss: 0.0013622062
Epoch 425/2000 | Loss: 0.0012267637
Epoch 426/2000 | Loss: 0.0013035712
Epoch 427/2000 | Loss: 0.0014984298
Epoch 428/2000 | Loss: 0.0014951806
Epoch 429/2000 | Loss: 0.0017326709
Epoch 430/2000 | Loss: 0.0013427215
Epoch 431/2000 | Loss: 0.0013077536
Epoch 432/2000 | Loss: 0.0013195077
Epoch 433/2000 | Loss: 0.0011612733
Epoch 434/2000 | Loss: 0.0011031774
Saved at epoch 434.
Epoch 435/2000 | Loss: 0.0011377231
Epoch 436/2000 | Loss: 0.0011307608
Epoch 437/2000 | Loss: 0.0011316448
Epoch 438/2000 | Loss: 0.0012173965
Epoch 439/2000 | Loss: 0.0012970044
Epoch 440/2000 | Loss: 0.0012466046
Epoch 441/2000 | Loss: 0.0016931200
Epoch 442/2000 | Loss: 0.0014902561
Epoch 443/2000 | Loss: 0.0012146263
Epoch 444/2000 | Loss: 0.0012461547
Epoch 445/2000 | Loss: 0.0012506175
Epoch 446/2000 | Loss: 0.0012337639
Epoch 447/2000 | Loss: 0.0012437268
Epoch 448/2000 | Loss: 0.0012535043
Epoch 449/2000 | Loss: 0.0011613961
Epoch 450/2000 | Loss: 0.0012084519
Epoch 451/2000 | Loss: 0.0012298914
Epoch 452/2000 | Loss: 0.0012435074
Epoch 453/2000 | Loss: 0.0013103668
Epoch 454/2000 | Loss: 0.0012700726
Epoch 455/2000 | Loss: 0.0013015538
Epoch 456/2000 | Loss: 0.0014126091
Epoch 457/2000 | Loss: 0.0013302014
Epoch 458/2000 | Loss: 0.0013418555
Epoch 459/2000 | Loss: 0.0012471963
Epoch 460/2000 | Loss: 0.0012286422
Epoch 461/2000 | Loss: 0.0011906416
Epoch 462/2000 | Loss: 0.0012800362
Epoch 463/2000 | Loss: 0.0012641442
Epoch 464/2000 | Loss: 0.0011677907
Epoch 465/2000 | Loss: 0.0012108112
Epoch 466/2000 | Loss: 0.0011992519
Epoch 467/2000 | Loss: 0.0011382931
Epoch 468/2000 | Loss: 0.0011667670
Epoch 469/2000 | Loss: 0.0011095525
Epoch 470/2000 | Loss: 0.0011450555
Epoch 471/2000 | Loss: 0.0011327648
Epoch 472/2000 | Loss: 0.0011375901
Epoch 473/2000 | Loss: 0.0012757578
Epoch 474/2000 | Loss: 0.0012255911
Epoch 475/2000 | Loss: 0.0013725242
Epoch 476/2000 | Loss: 0.0013496234
Epoch 477/2000 | Loss: 0.0012347693
Epoch 478/2000 | Loss: 0.0012203620
Epoch 479/2000 | Loss: 0.0011597459
Epoch 480/2000 | Loss: 0.0011768047
Epoch 481/2000 | Loss: 0.0014008267
Epoch 482/2000 | Loss: 0.0013234139
Epoch 483/2000 | Loss: 0.0012263932
Epoch 484/2000 | Loss: 0.0011929986
Early stopping at epoch 484.
105 seconds elapsed.

RMSE
auau: 1.3830
ausio2: 0.6813
ligcl: 0.3467
ligsio2: 0.9626
all: 0.9252
