LD=10
Using: cuda
Epoch 1/2000 | Loss: 0.0542937081
Saved at epoch 1.
Epoch 2/2000 | Loss: 0.0122519082
Saved at epoch 2.
Epoch 3/2000 | Loss: 0.0071856635
Saved at epoch 3.
Epoch 4/2000 | Loss: 0.0060725208
Saved at epoch 4.
Epoch 5/2000 | Loss: 0.0048774923
Saved at epoch 5.
Epoch 6/2000 | Loss: 0.0045173728
Saved at epoch 6.
Epoch 7/2000 | Loss: 0.0041888132
Saved at epoch 7.
Epoch 8/2000 | Loss: 0.0033504141
Saved at epoch 8.
Epoch 9/2000 | Loss: 0.0038238977
Epoch 10/2000 | Loss: 0.0032228704
Saved at epoch 10.
Epoch 11/2000 | Loss: 0.0029679376
Saved at epoch 11.
Epoch 12/2000 | Loss: 0.0029223108
Saved at epoch 12.
Epoch 13/2000 | Loss: 0.0026976354
Saved at epoch 13.
Epoch 14/2000 | Loss: 0.0025750867
Saved at epoch 14.
Epoch 15/2000 | Loss: 0.0029397776
Epoch 16/2000 | Loss: 0.0024611014
Saved at epoch 16.
Epoch 17/2000 | Loss: 0.0023880417
Saved at epoch 17.
Epoch 18/2000 | Loss: 0.0022753973
Saved at epoch 18.
Epoch 19/2000 | Loss: 0.0023602653
Epoch 20/2000 | Loss: 0.0020860264
Saved at epoch 20.
Epoch 21/2000 | Loss: 0.0021395187
Epoch 22/2000 | Loss: 0.0024269566
Epoch 23/2000 | Loss: 0.0020682519
Saved at epoch 23.
Epoch 24/2000 | Loss: 0.0019220735
Saved at epoch 24.
Epoch 25/2000 | Loss: 0.0018338863
Saved at epoch 25.
Epoch 26/2000 | Loss: 0.0018475097
Epoch 27/2000 | Loss: 0.0019374329
Epoch 28/2000 | Loss: 0.0019698689
Epoch 29/2000 | Loss: 0.0018673982
Epoch 30/2000 | Loss: 0.0016836642
Saved at epoch 30.
Epoch 31/2000 | Loss: 0.0020147798
Epoch 32/2000 | Loss: 0.0017473753
Epoch 33/2000 | Loss: 0.0015732815
Saved at epoch 33.
Epoch 34/2000 | Loss: 0.0015247935
Saved at epoch 34.
Epoch 35/2000 | Loss: 0.0017373684
Epoch 36/2000 | Loss: 0.0014659319
Saved at epoch 36.
Epoch 37/2000 | Loss: 0.0015075108
Epoch 38/2000 | Loss: 0.0014655776
Saved at epoch 38.
Epoch 39/2000 | Loss: 0.0015488792
Epoch 40/2000 | Loss: 0.0015397937
Epoch 41/2000 | Loss: 0.0016875793
Epoch 42/2000 | Loss: 0.0013820481
Saved at epoch 42.
Epoch 43/2000 | Loss: 0.0015230105
Epoch 44/2000 | Loss: 0.0013646041
Saved at epoch 44.
Epoch 45/2000 | Loss: 0.0013537502
Saved at epoch 45.
Epoch 46/2000 | Loss: 0.0015850984
Epoch 47/2000 | Loss: 0.0013884034
Epoch 48/2000 | Loss: 0.0014381627
Epoch 49/2000 | Loss: 0.0012964734
Saved at epoch 49.
Epoch 50/2000 | Loss: 0.0013428612
Epoch 51/2000 | Loss: 0.0011865322
Saved at epoch 51.
Epoch 52/2000 | Loss: 0.0013486962
Epoch 53/2000 | Loss: 0.0014991159
Epoch 54/2000 | Loss: 0.0013112401
Epoch 55/2000 | Loss: 0.0012969883
Epoch 56/2000 | Loss: 0.0011649106
Saved at epoch 56.
Epoch 57/2000 | Loss: 0.0012108182
Epoch 58/2000 | Loss: 0.0011858807
Epoch 59/2000 | Loss: 0.0012336963
Epoch 60/2000 | Loss: 0.0014483789
Epoch 61/2000 | Loss: 0.0011349313
Saved at epoch 61.
Epoch 62/2000 | Loss: 0.0011341578
Saved at epoch 62.
Epoch 63/2000 | Loss: 0.0009627306
Saved at epoch 63.
Epoch 64/2000 | Loss: 0.0011549869
Epoch 65/2000 | Loss: 0.0012284402
Epoch 66/2000 | Loss: 0.0010742778
Epoch 67/2000 | Loss: 0.0011710951
Epoch 68/2000 | Loss: 0.0010183333
Epoch 69/2000 | Loss: 0.0009528478
Saved at epoch 69.
Epoch 70/2000 | Loss: 0.0010594636
Epoch 71/2000 | Loss: 0.0012642554
Epoch 72/2000 | Loss: 0.0009821719
Epoch 73/2000 | Loss: 0.0011378703
Epoch 74/2000 | Loss: 0.0012677335
Epoch 75/2000 | Loss: 0.0009908469
Epoch 76/2000 | Loss: 0.0009600873
Epoch 77/2000 | Loss: 0.0009606054
Epoch 78/2000 | Loss: 0.0011914766
Epoch 79/2000 | Loss: 0.0012633565
Epoch 80/2000 | Loss: 0.0010607230
Epoch 81/2000 | Loss: 0.0010054744
Epoch 82/2000 | Loss: 0.0009717464
Epoch 83/2000 | Loss: 0.0009453278
Saved at epoch 83.
Epoch 84/2000 | Loss: 0.0009786921
Epoch 85/2000 | Loss: 0.0009850955
Epoch 86/2000 | Loss: 0.0010915892
Epoch 87/2000 | Loss: 0.0009256688
Saved at epoch 87.
Epoch 88/2000 | Loss: 0.0015666943
Epoch 89/2000 | Loss: 0.0011471006
Epoch 90/2000 | Loss: 0.0009520950
Epoch 91/2000 | Loss: 0.0008825051
Saved at epoch 91.
Epoch 92/2000 | Loss: 0.0010038298
Epoch 93/2000 | Loss: 0.0008531887
Saved at epoch 93.
Epoch 94/2000 | Loss: 0.0008027638
Saved at epoch 94.
Epoch 95/2000 | Loss: 0.0008271675
Epoch 96/2000 | Loss: 0.0008390336
Epoch 97/2000 | Loss: 0.0008387733
Epoch 98/2000 | Loss: 0.0010062502
Epoch 99/2000 | Loss: 0.0013179405
Epoch 100/2000 | Loss: 0.0012306254
Epoch 101/2000 | Loss: 0.0009990424
Epoch 102/2000 | Loss: 0.0008879621
Epoch 103/2000 | Loss: 0.0008107382
Epoch 104/2000 | Loss: 0.0008748687
Epoch 105/2000 | Loss: 0.0008500471
Epoch 106/2000 | Loss: 0.0007608030
Saved at epoch 106.
Epoch 107/2000 | Loss: 0.0008134102
Epoch 108/2000 | Loss: 0.0008470740
Epoch 109/2000 | Loss: 0.0007663021
Epoch 110/2000 | Loss: 0.0008003871
Epoch 111/2000 | Loss: 0.0008336505
Epoch 112/2000 | Loss: 0.0008569253
Epoch 113/2000 | Loss: 0.0008960857
Epoch 114/2000 | Loss: 0.0008919016
Epoch 115/2000 | Loss: 0.0009405538
Epoch 116/2000 | Loss: 0.0008792317
Epoch 117/2000 | Loss: 0.0007555663
Saved at epoch 117.
Epoch 118/2000 | Loss: 0.0007975403
Epoch 119/2000 | Loss: 0.0010014550
Epoch 120/2000 | Loss: 0.0008768308
Epoch 121/2000 | Loss: 0.0007453673
Saved at epoch 121.
Epoch 122/2000 | Loss: 0.0010467870
Epoch 123/2000 | Loss: 0.0009720554
Epoch 124/2000 | Loss: 0.0010148969
Epoch 125/2000 | Loss: 0.0008296291
Epoch 126/2000 | Loss: 0.0007858548
Epoch 127/2000 | Loss: 0.0006942179
Saved at epoch 127.
Epoch 128/2000 | Loss: 0.0007682059
Epoch 129/2000 | Loss: 0.0008973855
Epoch 130/2000 | Loss: 0.0009060166
Epoch 131/2000 | Loss: 0.0008379511
Epoch 132/2000 | Loss: 0.0007054207
Epoch 133/2000 | Loss: 0.0006629421
Saved at epoch 133.
Epoch 134/2000 | Loss: 0.0007176055
Epoch 135/2000 | Loss: 0.0007624332
Epoch 136/2000 | Loss: 0.0008306218
Epoch 137/2000 | Loss: 0.0007839669
Epoch 138/2000 | Loss: 0.0007818931
Epoch 139/2000 | Loss: 0.0007199704
Epoch 140/2000 | Loss: 0.0007269855
Epoch 141/2000 | Loss: 0.0007495869
Epoch 142/2000 | Loss: 0.0006374500
Saved at epoch 142.
Epoch 143/2000 | Loss: 0.0006240973
Saved at epoch 143.
Epoch 144/2000 | Loss: 0.0006618325
Epoch 145/2000 | Loss: 0.0006917724
Epoch 146/2000 | Loss: 0.0007651410
Epoch 147/2000 | Loss: 0.0007163680
Epoch 148/2000 | Loss: 0.0006695627
Epoch 149/2000 | Loss: 0.0007185571
Epoch 150/2000 | Loss: 0.0007732644
Epoch 151/2000 | Loss: 0.0011170552
Epoch 152/2000 | Loss: 0.0011968014
Epoch 153/2000 | Loss: 0.0008805957
Epoch 154/2000 | Loss: 0.0006560481
Epoch 155/2000 | Loss: 0.0007727458
Epoch 156/2000 | Loss: 0.0006654436
Epoch 157/2000 | Loss: 0.0008032075
Epoch 158/2000 | Loss: 0.0008933763
Epoch 159/2000 | Loss: 0.0007276829
Epoch 160/2000 | Loss: 0.0006949152
Epoch 161/2000 | Loss: 0.0006891382
Epoch 162/2000 | Loss: 0.0008076143
Epoch 163/2000 | Loss: 0.0006488342
Epoch 164/2000 | Loss: 0.0006987756
Epoch 165/2000 | Loss: 0.0007555772
Epoch 166/2000 | Loss: 0.0005671787
Saved at epoch 166.
Epoch 167/2000 | Loss: 0.0006592625
Epoch 168/2000 | Loss: 0.0007381406
Epoch 169/2000 | Loss: 0.0006154774
Epoch 170/2000 | Loss: 0.0006423781
Epoch 171/2000 | Loss: 0.0006221917
Epoch 172/2000 | Loss: 0.0007062242
Epoch 173/2000 | Loss: 0.0006451868
Epoch 174/2000 | Loss: 0.0005809206
Epoch 175/2000 | Loss: 0.0006468378
Epoch 176/2000 | Loss: 0.0007060770
Epoch 177/2000 | Loss: 0.0013095405
Epoch 178/2000 | Loss: 0.0009582182
Epoch 179/2000 | Loss: 0.0011796598
Epoch 180/2000 | Loss: 0.0008257400
Epoch 181/2000 | Loss: 0.0006093279
Epoch 182/2000 | Loss: 0.0005201810
Saved at epoch 182.
Epoch 183/2000 | Loss: 0.0005193157
Saved at epoch 183.
Epoch 184/2000 | Loss: 0.0005137325
Saved at epoch 184.
Epoch 185/2000 | Loss: 0.0004911244
Saved at epoch 185.
Epoch 186/2000 | Loss: 0.0006503491
Epoch 187/2000 | Loss: 0.0010866142
Epoch 188/2000 | Loss: 0.0011693813
Epoch 189/2000 | Loss: 0.0010002904
Epoch 190/2000 | Loss: 0.0007750490
Epoch 191/2000 | Loss: 0.0005984495
Epoch 192/2000 | Loss: 0.0005300358
Epoch 193/2000 | Loss: 0.0005354874
Epoch 194/2000 | Loss: 0.0005443302
Epoch 195/2000 | Loss: 0.0005423505
Epoch 196/2000 | Loss: 0.0006567471
Epoch 197/2000 | Loss: 0.0006282637
Epoch 198/2000 | Loss: 0.0006512738
Epoch 199/2000 | Loss: 0.0005491861
Epoch 200/2000 | Loss: 0.0005253764
Epoch 201/2000 | Loss: 0.0004843657
Saved at epoch 201.
Epoch 202/2000 | Loss: 0.0004783539
Saved at epoch 202.
Epoch 203/2000 | Loss: 0.0005585789
Epoch 204/2000 | Loss: 0.0005687548
Epoch 205/2000 | Loss: 0.0006415092
Epoch 206/2000 | Loss: 0.0006402810
Epoch 207/2000 | Loss: 0.0004964391
Epoch 208/2000 | Loss: 0.0005258657
Epoch 209/2000 | Loss: 0.0005072214
Epoch 210/2000 | Loss: 0.0005433766
Epoch 211/2000 | Loss: 0.0005796547
Epoch 212/2000 | Loss: 0.0006959368
Epoch 213/2000 | Loss: 0.0006495665
Epoch 214/2000 | Loss: 0.0009565035
Epoch 215/2000 | Loss: 0.0006169938
Epoch 216/2000 | Loss: 0.0004988848
Epoch 217/2000 | Loss: 0.0005377976
Epoch 218/2000 | Loss: 0.0005473600
Epoch 219/2000 | Loss: 0.0004902484
Epoch 220/2000 | Loss: 0.0004802879
Epoch 221/2000 | Loss: 0.0005376956
Epoch 222/2000 | Loss: 0.0004849300
Epoch 223/2000 | Loss: 0.0005086904
Epoch 224/2000 | Loss: 0.0005104726
Epoch 225/2000 | Loss: 0.0006781131
Epoch 226/2000 | Loss: 0.0005897129
Epoch 227/2000 | Loss: 0.0004816730
Epoch 228/2000 | Loss: 0.0004548738
Saved at epoch 228.
Epoch 229/2000 | Loss: 0.0005323308
Epoch 230/2000 | Loss: 0.0006149229
Epoch 231/2000 | Loss: 0.0009440137
Epoch 232/2000 | Loss: 0.0008159166
Epoch 233/2000 | Loss: 0.0008276524
Epoch 234/2000 | Loss: 0.0007182371
Epoch 235/2000 | Loss: 0.0006376577
Epoch 236/2000 | Loss: 0.0006654343
Epoch 237/2000 | Loss: 0.0005342190
Epoch 238/2000 | Loss: 0.0004378952
Saved at epoch 238.
Epoch 239/2000 | Loss: 0.0004148616
Saved at epoch 239.
Epoch 240/2000 | Loss: 0.0004268950
Epoch 241/2000 | Loss: 0.0004614908
Epoch 242/2000 | Loss: 0.0004825448
Epoch 243/2000 | Loss: 0.0004799111
Epoch 244/2000 | Loss: 0.0007542895
Epoch 245/2000 | Loss: 0.0005619837
Epoch 246/2000 | Loss: 0.0004705375
Epoch 247/2000 | Loss: 0.0005365562
Epoch 248/2000 | Loss: 0.0005243922
Epoch 249/2000 | Loss: 0.0005032678
Epoch 250/2000 | Loss: 0.0004426983
Epoch 251/2000 | Loss: 0.0004711623
Epoch 252/2000 | Loss: 0.0009342179
Epoch 253/2000 | Loss: 0.0007931733
Epoch 254/2000 | Loss: 0.0007467149
Epoch 255/2000 | Loss: 0.0005097192
Epoch 256/2000 | Loss: 0.0004699609
Epoch 257/2000 | Loss: 0.0004275926
Epoch 258/2000 | Loss: 0.0004626482
Epoch 259/2000 | Loss: 0.0005129838
Epoch 260/2000 | Loss: 0.0004547650
Epoch 261/2000 | Loss: 0.0004572357
Epoch 262/2000 | Loss: 0.0005181340
Epoch 263/2000 | Loss: 0.0004848818
Epoch 264/2000 | Loss: 0.0006313859
Epoch 265/2000 | Loss: 0.0005461511
Epoch 266/2000 | Loss: 0.0004482821
Epoch 267/2000 | Loss: 0.0004446090
Epoch 268/2000 | Loss: 0.0004010681
Saved at epoch 268.
Epoch 269/2000 | Loss: 0.0004276075
Epoch 270/2000 | Loss: 0.0005063339
Epoch 271/2000 | Loss: 0.0004405918
Epoch 272/2000 | Loss: 0.0006006504
Epoch 273/2000 | Loss: 0.0007054636
Epoch 274/2000 | Loss: 0.0005035767
Epoch 275/2000 | Loss: 0.0005288526
Epoch 276/2000 | Loss: 0.0005304456
Epoch 277/2000 | Loss: 0.0005229746
Epoch 278/2000 | Loss: 0.0005101493
Epoch 279/2000 | Loss: 0.0005075547
Epoch 280/2000 | Loss: 0.0004690413
Epoch 281/2000 | Loss: 0.0004560962
Epoch 282/2000 | Loss: 0.0004974052
Epoch 283/2000 | Loss: 0.0005248511
Epoch 284/2000 | Loss: 0.0004717415
Epoch 285/2000 | Loss: 0.0005182339
Epoch 286/2000 | Loss: 0.0005078603
Epoch 287/2000 | Loss: 0.0004697440
Epoch 288/2000 | Loss: 0.0005909731
Epoch 289/2000 | Loss: 0.0006948197
Epoch 290/2000 | Loss: 0.0004729043
Epoch 291/2000 | Loss: 0.0005106668
Epoch 292/2000 | Loss: 0.0004853079
Epoch 293/2000 | Loss: 0.0004224174
Epoch 294/2000 | Loss: 0.0004090357
Epoch 295/2000 | Loss: 0.0003914908
Saved at epoch 295.
Epoch 296/2000 | Loss: 0.0003800457
Saved at epoch 296.
Epoch 297/2000 | Loss: 0.0003638120
Saved at epoch 297.
Epoch 298/2000 | Loss: 0.0003577757
Saved at epoch 298.
Epoch 299/2000 | Loss: 0.0005068012
Epoch 300/2000 | Loss: 0.0005544725
Epoch 301/2000 | Loss: 0.0006564290
Epoch 302/2000 | Loss: 0.0010202711
Epoch 303/2000 | Loss: 0.0007945665
Epoch 304/2000 | Loss: 0.0005073505
Epoch 305/2000 | Loss: 0.0004482624
Epoch 306/2000 | Loss: 0.0004359595
Epoch 307/2000 | Loss: 0.0003878178
Epoch 308/2000 | Loss: 0.0003800840
Epoch 309/2000 | Loss: 0.0004017761
Epoch 310/2000 | Loss: 0.0003997789
Epoch 311/2000 | Loss: 0.0004663251
Epoch 312/2000 | Loss: 0.0004518931
Epoch 313/2000 | Loss: 0.0004735501
Epoch 314/2000 | Loss: 0.0004430676
Epoch 315/2000 | Loss: 0.0004144728
Epoch 316/2000 | Loss: 0.0005073201
Epoch 317/2000 | Loss: 0.0004515300
Epoch 318/2000 | Loss: 0.0004399752
Epoch 319/2000 | Loss: 0.0004414639
Epoch 320/2000 | Loss: 0.0005026725
Epoch 321/2000 | Loss: 0.0007187641
Epoch 322/2000 | Loss: 0.0009291793
Epoch 323/2000 | Loss: 0.0004761712
Epoch 324/2000 | Loss: 0.0003883155
Epoch 325/2000 | Loss: 0.0004045554
Epoch 326/2000 | Loss: 0.0003876057
Epoch 327/2000 | Loss: 0.0003682250
Epoch 328/2000 | Loss: 0.0004300083
Epoch 329/2000 | Loss: 0.0004079085
Epoch 330/2000 | Loss: 0.0004334016
Epoch 331/2000 | Loss: 0.0004130825
Epoch 332/2000 | Loss: 0.0003662739
Epoch 333/2000 | Loss: 0.0003489223
Saved at epoch 333.
Epoch 334/2000 | Loss: 0.0004170434
Epoch 335/2000 | Loss: 0.0003724152
Epoch 336/2000 | Loss: 0.0004060733
Epoch 337/2000 | Loss: 0.0004135347
Epoch 338/2000 | Loss: 0.0003924944
Epoch 339/2000 | Loss: 0.0004198282
Epoch 340/2000 | Loss: 0.0008454061
Epoch 341/2000 | Loss: 0.0009349148
Epoch 342/2000 | Loss: 0.0007039396
Epoch 343/2000 | Loss: 0.0005955355
Epoch 344/2000 | Loss: 0.0005577087
Epoch 345/2000 | Loss: 0.0004671366
Epoch 346/2000 | Loss: 0.0004662683
Epoch 347/2000 | Loss: 0.0004392585
Epoch 348/2000 | Loss: 0.0004660044
Epoch 349/2000 | Loss: 0.0006278604
Epoch 350/2000 | Loss: 0.0003802976
Epoch 351/2000 | Loss: 0.0003766255
Epoch 352/2000 | Loss: 0.0003612135
Epoch 353/2000 | Loss: 0.0003397532
Saved at epoch 353.
Epoch 354/2000 | Loss: 0.0003543034
Epoch 355/2000 | Loss: 0.0003613609
Epoch 356/2000 | Loss: 0.0003281249
Saved at epoch 356.
Epoch 357/2000 | Loss: 0.0003415502
Epoch 358/2000 | Loss: 0.0003866415
Epoch 359/2000 | Loss: 0.0004865945
Epoch 360/2000 | Loss: 0.0004501091
Epoch 361/2000 | Loss: 0.0004499151
Epoch 362/2000 | Loss: 0.0004068252
Epoch 363/2000 | Loss: 0.0003914189
Epoch 364/2000 | Loss: 0.0003910770
Epoch 365/2000 | Loss: 0.0003318895
Epoch 366/2000 | Loss: 0.0003966887
Epoch 367/2000 | Loss: 0.0005000229
Epoch 368/2000 | Loss: 0.0004055503
Epoch 369/2000 | Loss: 0.0004544625
Epoch 370/2000 | Loss: 0.0004470789
Epoch 371/2000 | Loss: 0.0003445866
Epoch 372/2000 | Loss: 0.0003672332
Epoch 373/2000 | Loss: 0.0003615970
Epoch 374/2000 | Loss: 0.0003268932
Saved at epoch 374.
Epoch 375/2000 | Loss: 0.0003607206
Epoch 376/2000 | Loss: 0.0005196673
Epoch 377/2000 | Loss: 0.0004703447
Epoch 378/2000 | Loss: 0.0006487302
Epoch 379/2000 | Loss: 0.0006381124
Epoch 380/2000 | Loss: 0.0008050773
Epoch 381/2000 | Loss: 0.0005034643
Epoch 382/2000 | Loss: 0.0003841471
Epoch 383/2000 | Loss: 0.0003273866
Epoch 384/2000 | Loss: 0.0003437608
Epoch 385/2000 | Loss: 0.0003168789
Saved at epoch 385.
Epoch 386/2000 | Loss: 0.0003062267
Saved at epoch 386.
Epoch 387/2000 | Loss: 0.0003578498
Epoch 388/2000 | Loss: 0.0004137443
Epoch 389/2000 | Loss: 0.0003503986
Epoch 390/2000 | Loss: 0.0003298855
Epoch 391/2000 | Loss: 0.0003533342
Epoch 392/2000 | Loss: 0.0003884778
Epoch 393/2000 | Loss: 0.0003464618
Epoch 394/2000 | Loss: 0.0004206866
Epoch 395/2000 | Loss: 0.0003933997
Epoch 396/2000 | Loss: 0.0003996661
Epoch 397/2000 | Loss: 0.0004471192
Epoch 398/2000 | Loss: 0.0004003623
Epoch 399/2000 | Loss: 0.0003643043
Epoch 400/2000 | Loss: 0.0003800881
Epoch 401/2000 | Loss: 0.0003922876
Epoch 402/2000 | Loss: 0.0004292778
Epoch 403/2000 | Loss: 0.0004989810
Epoch 404/2000 | Loss: 0.0005451139
Epoch 405/2000 | Loss: 0.0004554717
Epoch 406/2000 | Loss: 0.0004886750
Epoch 407/2000 | Loss: 0.0003785182
Epoch 408/2000 | Loss: 0.0003717876
Epoch 409/2000 | Loss: 0.0003483311
Epoch 410/2000 | Loss: 0.0004251197
Epoch 411/2000 | Loss: 0.0004152783
Epoch 412/2000 | Loss: 0.0003239723
Epoch 413/2000 | Loss: 0.0003231785
Epoch 414/2000 | Loss: 0.0003703753
Epoch 415/2000 | Loss: 0.0003215357
Epoch 416/2000 | Loss: 0.0003284304
Epoch 417/2000 | Loss: 0.0003267894
Epoch 418/2000 | Loss: 0.0004496434
Epoch 419/2000 | Loss: 0.0004319428
Epoch 420/2000 | Loss: 0.0004051468
Epoch 421/2000 | Loss: 0.0003491549
Epoch 422/2000 | Loss: 0.0003869301
Epoch 423/2000 | Loss: 0.0005123926
Epoch 424/2000 | Loss: 0.0003923145
Epoch 425/2000 | Loss: 0.0003517677
Epoch 426/2000 | Loss: 0.0003489402
Epoch 427/2000 | Loss: 0.0003442141
Epoch 428/2000 | Loss: 0.0003604814
Epoch 429/2000 | Loss: 0.0004146060
Epoch 430/2000 | Loss: 0.0005098052
Epoch 431/2000 | Loss: 0.0005564961
Epoch 432/2000 | Loss: 0.0004155337
Epoch 433/2000 | Loss: 0.0003747191
Epoch 434/2000 | Loss: 0.0003707428
Epoch 435/2000 | Loss: 0.0003233121
Epoch 436/2000 | Loss: 0.0002955061
Saved at epoch 436.
Epoch 437/2000 | Loss: 0.0003103789
Epoch 438/2000 | Loss: 0.0003675772
Epoch 439/2000 | Loss: 0.0003225040
Epoch 440/2000 | Loss: 0.0003046926
Epoch 441/2000 | Loss: 0.0003697763
Epoch 442/2000 | Loss: 0.0003421855
Epoch 443/2000 | Loss: 0.0003430942
Epoch 444/2000 | Loss: 0.0003545508
Epoch 445/2000 | Loss: 0.0003560950
Epoch 446/2000 | Loss: 0.0003733088
Epoch 447/2000 | Loss: 0.0003820486
Epoch 448/2000 | Loss: 0.0003628332
Epoch 449/2000 | Loss: 0.0003556963
Epoch 450/2000 | Loss: 0.0004273630
Epoch 451/2000 | Loss: 0.0003841684
Epoch 452/2000 | Loss: 0.0003885135
Epoch 453/2000 | Loss: 0.0003586929
Epoch 454/2000 | Loss: 0.0003354365
Epoch 455/2000 | Loss: 0.0003477025
Epoch 456/2000 | Loss: 0.0003567457
Epoch 457/2000 | Loss: 0.0002854022
Saved at epoch 457.
Epoch 458/2000 | Loss: 0.0002841005
Saved at epoch 458.
Epoch 459/2000 | Loss: 0.0003273330
Epoch 460/2000 | Loss: 0.0005109463
Epoch 461/2000 | Loss: 0.0006081700
Epoch 462/2000 | Loss: 0.0005420667
Epoch 463/2000 | Loss: 0.0004033006
Epoch 464/2000 | Loss: 0.0003540021
Epoch 465/2000 | Loss: 0.0003243949
Epoch 466/2000 | Loss: 0.0003913985
Epoch 467/2000 | Loss: 0.0003667537
Epoch 468/2000 | Loss: 0.0004159154
Epoch 469/2000 | Loss: 0.0003446326
Epoch 470/2000 | Loss: 0.0002982429
Epoch 471/2000 | Loss: 0.0002836899
Saved at epoch 471.
Epoch 472/2000 | Loss: 0.0003373823
Epoch 473/2000 | Loss: 0.0003546864
Epoch 474/2000 | Loss: 0.0004412310
Epoch 475/2000 | Loss: 0.0004755922
Epoch 476/2000 | Loss: 0.0003530091
Epoch 477/2000 | Loss: 0.0003303735
Epoch 478/2000 | Loss: 0.0003070872
Epoch 479/2000 | Loss: 0.0003176843
Epoch 480/2000 | Loss: 0.0003526998
Epoch 481/2000 | Loss: 0.0003623298
Epoch 482/2000 | Loss: 0.0003876792
Epoch 483/2000 | Loss: 0.0004553242
Epoch 484/2000 | Loss: 0.0004190468
Epoch 485/2000 | Loss: 0.0003794676
Epoch 486/2000 | Loss: 0.0003868378
Epoch 487/2000 | Loss: 0.0003378110
Epoch 488/2000 | Loss: 0.0002878173
Epoch 489/2000 | Loss: 0.0003100838
Epoch 490/2000 | Loss: 0.0003372864
Epoch 491/2000 | Loss: 0.0002932814
Epoch 492/2000 | Loss: 0.0003026683
Epoch 493/2000 | Loss: 0.0003126174
Epoch 494/2000 | Loss: 0.0002975324
Epoch 495/2000 | Loss: 0.0003217131
Epoch 496/2000 | Loss: 0.0003479342
Epoch 497/2000 | Loss: 0.0003289603
Epoch 498/2000 | Loss: 0.0003640549
Epoch 499/2000 | Loss: 0.0004964476
Epoch 500/2000 | Loss: 0.0006049947
Epoch 501/2000 | Loss: 0.0005126256
Epoch 502/2000 | Loss: 0.0004134544
Epoch 503/2000 | Loss: 0.0002998057
Epoch 504/2000 | Loss: 0.0002994709
Epoch 505/2000 | Loss: 0.0003810219
Epoch 506/2000 | Loss: 0.0002977898
Epoch 507/2000 | Loss: 0.0002788270
Saved at epoch 507.
Epoch 508/2000 | Loss: 0.0002875924
Epoch 509/2000 | Loss: 0.0002562878
Saved at epoch 509.
Epoch 510/2000 | Loss: 0.0002508626
Saved at epoch 510.
Epoch 511/2000 | Loss: 0.0002973486
Epoch 512/2000 | Loss: 0.0003847197
Epoch 513/2000 | Loss: 0.0004427293
Epoch 514/2000 | Loss: 0.0002974019
Epoch 515/2000 | Loss: 0.0003015153
Epoch 516/2000 | Loss: 0.0003156407
Epoch 517/2000 | Loss: 0.0003036021
Epoch 518/2000 | Loss: 0.0003301823
Epoch 519/2000 | Loss: 0.0003259661
Epoch 520/2000 | Loss: 0.0006261935
Epoch 521/2000 | Loss: 0.0006097340
Epoch 522/2000 | Loss: 0.0004409033
Epoch 523/2000 | Loss: 0.0005614683
Epoch 524/2000 | Loss: 0.0006679885
Epoch 525/2000 | Loss: 0.0004601185
Epoch 526/2000 | Loss: 0.0003671061
Epoch 527/2000 | Loss: 0.0003145300
Epoch 528/2000 | Loss: 0.0002936239
Epoch 529/2000 | Loss: 0.0003141383
Epoch 530/2000 | Loss: 0.0002827256
Epoch 531/2000 | Loss: 0.0002513622
Epoch 532/2000 | Loss: 0.0002691600
Epoch 533/2000 | Loss: 0.0003172574
Epoch 534/2000 | Loss: 0.0003081808
Epoch 535/2000 | Loss: 0.0002632486
Epoch 536/2000 | Loss: 0.0002673347
Epoch 537/2000 | Loss: 0.0003032124
Epoch 538/2000 | Loss: 0.0004047952
Epoch 539/2000 | Loss: 0.0003437742
Epoch 540/2000 | Loss: 0.0003408327
Epoch 541/2000 | Loss: 0.0002972954
Epoch 542/2000 | Loss: 0.0002824184
Epoch 543/2000 | Loss: 0.0002777674
Epoch 544/2000 | Loss: 0.0002805636
Epoch 545/2000 | Loss: 0.0002687341
Epoch 546/2000 | Loss: 0.0003296394
Epoch 547/2000 | Loss: 0.0003607301
Epoch 548/2000 | Loss: 0.0002933716
Epoch 549/2000 | Loss: 0.0002808813
Epoch 550/2000 | Loss: 0.0002859623
Epoch 551/2000 | Loss: 0.0002805678
Epoch 552/2000 | Loss: 0.0002762932
Epoch 553/2000 | Loss: 0.0002974496
Epoch 554/2000 | Loss: 0.0003280237
Epoch 555/2000 | Loss: 0.0003888294
Epoch 556/2000 | Loss: 0.0003417813
Epoch 557/2000 | Loss: 0.0004062989
Epoch 558/2000 | Loss: 0.0004119714
Epoch 559/2000 | Loss: 0.0003973065
Epoch 560/2000 | Loss: 0.0003458794
Early stopping at epoch 560.
119 seconds elapsed.

RMSE
auau: 0.6954
ausio2: 0.3555
ligcl: 0.2158
ligsio2: 0.3644
all: 0.4442
