LD=3
Using: cuda
Epoch 1/2000 | Loss: 0.0622886989
Saved at epoch 1.
Epoch 2/2000 | Loss: 0.0175623411
Saved at epoch 2.
Epoch 3/2000 | Loss: 0.0097740516
Saved at epoch 3.
Epoch 4/2000 | Loss: 0.0074818437
Saved at epoch 4.
Epoch 5/2000 | Loss: 0.0062959698
Saved at epoch 5.
Epoch 6/2000 | Loss: 0.0053020353
Saved at epoch 6.
Epoch 7/2000 | Loss: 0.0049734420
Saved at epoch 7.
Epoch 8/2000 | Loss: 0.0041533113
Saved at epoch 8.
Epoch 9/2000 | Loss: 0.0042995116
Epoch 10/2000 | Loss: 0.0040486145
Saved at epoch 10.
Epoch 11/2000 | Loss: 0.0034378443
Saved at epoch 11.
Epoch 12/2000 | Loss: 0.0030255485
Saved at epoch 12.
Epoch 13/2000 | Loss: 0.0030809427
Epoch 14/2000 | Loss: 0.0036551109
Epoch 15/2000 | Loss: 0.0029794034
Saved at epoch 15.
Epoch 16/2000 | Loss: 0.0025625766
Saved at epoch 16.
Epoch 17/2000 | Loss: 0.0024871198
Saved at epoch 17.
Epoch 18/2000 | Loss: 0.0024143064
Saved at epoch 18.
Epoch 19/2000 | Loss: 0.0024972610
Epoch 20/2000 | Loss: 0.0027566070
Epoch 21/2000 | Loss: 0.0024427792
Epoch 22/2000 | Loss: 0.0022028892
Saved at epoch 22.
Epoch 23/2000 | Loss: 0.0022777161
Epoch 24/2000 | Loss: 0.0022414456
Epoch 25/2000 | Loss: 0.0021170719
Saved at epoch 25.
Epoch 26/2000 | Loss: 0.0021323751
Epoch 27/2000 | Loss: 0.0021140898
Saved at epoch 27.
Epoch 28/2000 | Loss: 0.0021732110
Epoch 29/2000 | Loss: 0.0025986655
Epoch 30/2000 | Loss: 0.0022958843
Epoch 31/2000 | Loss: 0.0019438342
Saved at epoch 31.
Epoch 32/2000 | Loss: 0.0021999920
Epoch 33/2000 | Loss: 0.0019250603
Saved at epoch 33.
Epoch 34/2000 | Loss: 0.0018405729
Saved at epoch 34.
Epoch 35/2000 | Loss: 0.0018372217
Saved at epoch 35.
Epoch 36/2000 | Loss: 0.0019605906
Epoch 37/2000 | Loss: 0.0018473141
Epoch 38/2000 | Loss: 0.0018113902
Saved at epoch 38.
Epoch 39/2000 | Loss: 0.0020181233
Epoch 40/2000 | Loss: 0.0018275907
Epoch 41/2000 | Loss: 0.0017385342
Saved at epoch 41.
Epoch 42/2000 | Loss: 0.0018654246
Epoch 43/2000 | Loss: 0.0021363537
Epoch 44/2000 | Loss: 0.0021111459
Epoch 45/2000 | Loss: 0.0018028976
Epoch 46/2000 | Loss: 0.0018339322
Epoch 47/2000 | Loss: 0.0016480997
Saved at epoch 47.
Epoch 48/2000 | Loss: 0.0017193115
Epoch 49/2000 | Loss: 0.0015941731
Saved at epoch 49.
Epoch 50/2000 | Loss: 0.0016539816
Epoch 51/2000 | Loss: 0.0018957337
Epoch 52/2000 | Loss: 0.0016435292
Epoch 53/2000 | Loss: 0.0015180701
Saved at epoch 53.
Epoch 54/2000 | Loss: 0.0016400213
Epoch 55/2000 | Loss: 0.0014337376
Saved at epoch 55.
Epoch 56/2000 | Loss: 0.0016622129
Epoch 57/2000 | Loss: 0.0016785812
Epoch 58/2000 | Loss: 0.0016818732
Epoch 59/2000 | Loss: 0.0016322224
Epoch 60/2000 | Loss: 0.0015782828
Epoch 61/2000 | Loss: 0.0015079901
Epoch 62/2000 | Loss: 0.0016029006
Epoch 63/2000 | Loss: 0.0014970426
Epoch 64/2000 | Loss: 0.0016018814
Epoch 65/2000 | Loss: 0.0017046898
Epoch 66/2000 | Loss: 0.0015938562
Epoch 67/2000 | Loss: 0.0017230450
Epoch 68/2000 | Loss: 0.0014634850
Epoch 69/2000 | Loss: 0.0014155423
Saved at epoch 69.
Epoch 70/2000 | Loss: 0.0013555712
Saved at epoch 70.
Epoch 71/2000 | Loss: 0.0014883871
Epoch 72/2000 | Loss: 0.0017207942
Epoch 73/2000 | Loss: 0.0016484955
Epoch 74/2000 | Loss: 0.0012841448
Saved at epoch 74.
Epoch 75/2000 | Loss: 0.0013401403
Epoch 76/2000 | Loss: 0.0013349728
Epoch 77/2000 | Loss: 0.0014290166
Epoch 78/2000 | Loss: 0.0017266968
Epoch 79/2000 | Loss: 0.0015442479
Epoch 80/2000 | Loss: 0.0017799385
Epoch 81/2000 | Loss: 0.0013475568
Epoch 82/2000 | Loss: 0.0015510207
Epoch 83/2000 | Loss: 0.0016305968
Epoch 84/2000 | Loss: 0.0016835829
Epoch 85/2000 | Loss: 0.0013468684
Epoch 86/2000 | Loss: 0.0012549567
Saved at epoch 86.
Epoch 87/2000 | Loss: 0.0012374012
Saved at epoch 87.
Epoch 88/2000 | Loss: 0.0016867416
Epoch 89/2000 | Loss: 0.0015974665
Epoch 90/2000 | Loss: 0.0013929980
Epoch 91/2000 | Loss: 0.0013745720
Epoch 92/2000 | Loss: 0.0012953403
Epoch 93/2000 | Loss: 0.0016573265
Epoch 94/2000 | Loss: 0.0014488697
Epoch 95/2000 | Loss: 0.0012797163
Epoch 96/2000 | Loss: 0.0012015774
Saved at epoch 96.
Epoch 97/2000 | Loss: 0.0012165428
Epoch 98/2000 | Loss: 0.0012069514
Epoch 99/2000 | Loss: 0.0011984423
Saved at epoch 99.
Epoch 100/2000 | Loss: 0.0012068978
Epoch 101/2000 | Loss: 0.0012117712
Epoch 102/2000 | Loss: 0.0013194637
Epoch 103/2000 | Loss: 0.0012323321
Epoch 104/2000 | Loss: 0.0011384199
Saved at epoch 104.
Epoch 105/2000 | Loss: 0.0013713270
Epoch 106/2000 | Loss: 0.0012603258
Epoch 107/2000 | Loss: 0.0016905760
Epoch 108/2000 | Loss: 0.0014672107
Epoch 109/2000 | Loss: 0.0014173709
Epoch 110/2000 | Loss: 0.0012594875
Epoch 111/2000 | Loss: 0.0012213204
Epoch 112/2000 | Loss: 0.0012628614
Epoch 113/2000 | Loss: 0.0011690921
Epoch 114/2000 | Loss: 0.0011606453
Epoch 115/2000 | Loss: 0.0012770957
Epoch 116/2000 | Loss: 0.0012386995
Epoch 117/2000 | Loss: 0.0011855938
Epoch 118/2000 | Loss: 0.0011782713
Epoch 119/2000 | Loss: 0.0011083435
Saved at epoch 119.
Epoch 120/2000 | Loss: 0.0011043687
Saved at epoch 120.
Epoch 121/2000 | Loss: 0.0010565410
Saved at epoch 121.
Epoch 122/2000 | Loss: 0.0012519062
Epoch 123/2000 | Loss: 0.0014067125
Epoch 124/2000 | Loss: 0.0015056370
Epoch 125/2000 | Loss: 0.0011312507
Epoch 126/2000 | Loss: 0.0011817444
Epoch 127/2000 | Loss: 0.0012441153
Epoch 128/2000 | Loss: 0.0012079978
Epoch 129/2000 | Loss: 0.0011292672
Epoch 130/2000 | Loss: 0.0011596367
Epoch 131/2000 | Loss: 0.0011658615
Epoch 132/2000 | Loss: 0.0011167165
Epoch 133/2000 | Loss: 0.0010985994
Epoch 134/2000 | Loss: 0.0010433867
Saved at epoch 134.
Epoch 135/2000 | Loss: 0.0010630739
Epoch 136/2000 | Loss: 0.0011598198
Epoch 137/2000 | Loss: 0.0011947641
Epoch 138/2000 | Loss: 0.0011960982
Epoch 139/2000 | Loss: 0.0013663494
Epoch 140/2000 | Loss: 0.0011221008
Epoch 141/2000 | Loss: 0.0010814063
Epoch 142/2000 | Loss: 0.0011964595
Epoch 143/2000 | Loss: 0.0011834899
Epoch 144/2000 | Loss: 0.0011351973
Epoch 145/2000 | Loss: 0.0011385886
Epoch 146/2000 | Loss: 0.0012354825
Epoch 147/2000 | Loss: 0.0012279239
Epoch 148/2000 | Loss: 0.0012451404
Epoch 149/2000 | Loss: 0.0010902850
Epoch 150/2000 | Loss: 0.0011915583
Epoch 151/2000 | Loss: 0.0016966888
Epoch 152/2000 | Loss: 0.0012821620
Epoch 153/2000 | Loss: 0.0010539025
Epoch 154/2000 | Loss: 0.0009770877
Saved at epoch 154.
Epoch 155/2000 | Loss: 0.0009672814
Saved at epoch 155.
Epoch 156/2000 | Loss: 0.0009652310
Saved at epoch 156.
Epoch 157/2000 | Loss: 0.0011102508
Epoch 158/2000 | Loss: 0.0012755422
Epoch 159/2000 | Loss: 0.0011153351
Epoch 160/2000 | Loss: 0.0010163607
Epoch 161/2000 | Loss: 0.0010211512
Epoch 162/2000 | Loss: 0.0009707032
Epoch 163/2000 | Loss: 0.0009760710
Epoch 164/2000 | Loss: 0.0010186945
Epoch 165/2000 | Loss: 0.0010383457
Epoch 166/2000 | Loss: 0.0009637657
Saved at epoch 166.
Epoch 167/2000 | Loss: 0.0012670246
Epoch 168/2000 | Loss: 0.0015401333
Epoch 169/2000 | Loss: 0.0013911149
Epoch 170/2000 | Loss: 0.0013029844
Epoch 171/2000 | Loss: 0.0011349594
Epoch 172/2000 | Loss: 0.0010484320
Epoch 173/2000 | Loss: 0.0009804882
Epoch 174/2000 | Loss: 0.0010067952
Epoch 175/2000 | Loss: 0.0009656720
Epoch 176/2000 | Loss: 0.0010630494
Epoch 177/2000 | Loss: 0.0009506097
Saved at epoch 177.
Epoch 178/2000 | Loss: 0.0009298347
Saved at epoch 178.
Epoch 179/2000 | Loss: 0.0010534083
Epoch 180/2000 | Loss: 0.0011933792
Epoch 181/2000 | Loss: 0.0010552934
Epoch 182/2000 | Loss: 0.0009274812
Saved at epoch 182.
Epoch 183/2000 | Loss: 0.0009477079
Epoch 184/2000 | Loss: 0.0010359292
Epoch 185/2000 | Loss: 0.0009410126
Epoch 186/2000 | Loss: 0.0009131609
Saved at epoch 186.
Epoch 187/2000 | Loss: 0.0009630230
Epoch 188/2000 | Loss: 0.0011107494
Epoch 189/2000 | Loss: 0.0010734668
Epoch 190/2000 | Loss: 0.0009091990
Saved at epoch 190.
Epoch 191/2000 | Loss: 0.0008482060
Saved at epoch 191.
Epoch 192/2000 | Loss: 0.0008672979
Epoch 193/2000 | Loss: 0.0008972538
Epoch 194/2000 | Loss: 0.0009343074
Epoch 195/2000 | Loss: 0.0009293266
Epoch 196/2000 | Loss: 0.0010217684
Epoch 197/2000 | Loss: 0.0010105792
Epoch 198/2000 | Loss: 0.0008906017
Epoch 199/2000 | Loss: 0.0008410936
Saved at epoch 199.
Epoch 200/2000 | Loss: 0.0008830339
Epoch 201/2000 | Loss: 0.0009876768
Epoch 202/2000 | Loss: 0.0011179789
Epoch 203/2000 | Loss: 0.0011659377
Epoch 204/2000 | Loss: 0.0009555338
Epoch 205/2000 | Loss: 0.0010024882
Epoch 206/2000 | Loss: 0.0012266155
Epoch 207/2000 | Loss: 0.0011878926
Epoch 208/2000 | Loss: 0.0010284733
Epoch 209/2000 | Loss: 0.0009522201
Epoch 210/2000 | Loss: 0.0008775847
Epoch 211/2000 | Loss: 0.0015307606
Epoch 212/2000 | Loss: 0.0014411799
Epoch 213/2000 | Loss: 0.0009852586
Epoch 214/2000 | Loss: 0.0009295896
Epoch 215/2000 | Loss: 0.0009403551
Epoch 216/2000 | Loss: 0.0008326613
Saved at epoch 216.
Epoch 217/2000 | Loss: 0.0008277289
Saved at epoch 217.
Epoch 218/2000 | Loss: 0.0007960898
Saved at epoch 218.
Epoch 219/2000 | Loss: 0.0008378379
Epoch 220/2000 | Loss: 0.0008868858
Epoch 221/2000 | Loss: 0.0008591675
Epoch 222/2000 | Loss: 0.0010561276
Epoch 223/2000 | Loss: 0.0010923176
Epoch 224/2000 | Loss: 0.0010623401
Epoch 225/2000 | Loss: 0.0009103014
Epoch 226/2000 | Loss: 0.0009129548
Epoch 227/2000 | Loss: 0.0009303950
Epoch 228/2000 | Loss: 0.0009764998
Epoch 229/2000 | Loss: 0.0009284457
Epoch 230/2000 | Loss: 0.0008815335
Epoch 231/2000 | Loss: 0.0010388599
Epoch 232/2000 | Loss: 0.0008885225
Epoch 233/2000 | Loss: 0.0008164866
Epoch 234/2000 | Loss: 0.0008119526
Epoch 235/2000 | Loss: 0.0009456406
Epoch 236/2000 | Loss: 0.0008480954
Epoch 237/2000 | Loss: 0.0008300816
Epoch 238/2000 | Loss: 0.0008332775
Early stopping at epoch 238.
53 seconds elapsed.

RMSE
auau: 1.2353
ausio2: 0.5472
ligcl: 0.2888
ligsio2: 0.7093
all: 0.7765
