LD=5
Using: cuda
Epoch 1/2000 | Loss: 0.0742180455
Saved at epoch 1.
Epoch 2/2000 | Loss: 0.0196871608
Saved at epoch 2.
Epoch 3/2000 | Loss: 0.0099613572
Saved at epoch 3.
Epoch 4/2000 | Loss: 0.0071745354
Saved at epoch 4.
Epoch 5/2000 | Loss: 0.0058791046
Saved at epoch 5.
Epoch 6/2000 | Loss: 0.0051659568
Saved at epoch 6.
Epoch 7/2000 | Loss: 0.0054796139
Epoch 8/2000 | Loss: 0.0040906201
Saved at epoch 8.
Epoch 9/2000 | Loss: 0.0036914634
Saved at epoch 9.
Epoch 10/2000 | Loss: 0.0032784441
Saved at epoch 10.
Epoch 11/2000 | Loss: 0.0030868680
Saved at epoch 11.
Epoch 12/2000 | Loss: 0.0029203359
Saved at epoch 12.
Epoch 13/2000 | Loss: 0.0026598392
Saved at epoch 13.
Epoch 14/2000 | Loss: 0.0026759281
Epoch 15/2000 | Loss: 0.0023534527
Saved at epoch 15.
Epoch 16/2000 | Loss: 0.0022773339
Saved at epoch 16.
Epoch 17/2000 | Loss: 0.0022010405
Saved at epoch 17.
Epoch 18/2000 | Loss: 0.0021042256
Saved at epoch 18.
Epoch 19/2000 | Loss: 0.0019690585
Saved at epoch 19.
Epoch 20/2000 | Loss: 0.0020196154
Epoch 21/2000 | Loss: 0.0020025329
Epoch 22/2000 | Loss: 0.0020156401
Epoch 23/2000 | Loss: 0.0022124454
Epoch 24/2000 | Loss: 0.0018462297
Saved at epoch 24.
Epoch 25/2000 | Loss: 0.0016772046
Saved at epoch 25.
Epoch 26/2000 | Loss: 0.0017216602
Epoch 27/2000 | Loss: 0.0016972361
Epoch 28/2000 | Loss: 0.0020539227
Epoch 29/2000 | Loss: 0.0017674604
Epoch 30/2000 | Loss: 0.0015572389
Saved at epoch 30.
Epoch 31/2000 | Loss: 0.0016706995
Epoch 32/2000 | Loss: 0.0016392860
Epoch 33/2000 | Loss: 0.0013983226
Saved at epoch 33.
Epoch 34/2000 | Loss: 0.0014078123
Epoch 35/2000 | Loss: 0.0015300685
Epoch 36/2000 | Loss: 0.0013410524
Saved at epoch 36.
Epoch 37/2000 | Loss: 0.0013078419
Saved at epoch 37.
Epoch 38/2000 | Loss: 0.0014316215
Epoch 39/2000 | Loss: 0.0015171780
Epoch 40/2000 | Loss: 0.0015146409
Epoch 41/2000 | Loss: 0.0015726744
Epoch 42/2000 | Loss: 0.0013812375
Epoch 43/2000 | Loss: 0.0014414158
Epoch 44/2000 | Loss: 0.0013175932
Epoch 45/2000 | Loss: 0.0012610845
Saved at epoch 45.
Epoch 46/2000 | Loss: 0.0012595185
Saved at epoch 46.
Epoch 47/2000 | Loss: 0.0012413301
Saved at epoch 47.
Epoch 48/2000 | Loss: 0.0012040265
Saved at epoch 48.
Epoch 49/2000 | Loss: 0.0011981048
Saved at epoch 49.
Epoch 50/2000 | Loss: 0.0017530814
Epoch 51/2000 | Loss: 0.0015484670
Epoch 52/2000 | Loss: 0.0013595363
Epoch 53/2000 | Loss: 0.0012240810
Epoch 54/2000 | Loss: 0.0012083113
Epoch 55/2000 | Loss: 0.0011022807
Saved at epoch 55.
Epoch 56/2000 | Loss: 0.0010896405
Saved at epoch 56.
Epoch 57/2000 | Loss: 0.0011929544
Epoch 58/2000 | Loss: 0.0010305260
Saved at epoch 58.
Epoch 59/2000 | Loss: 0.0010559974
Epoch 60/2000 | Loss: 0.0009881709
Saved at epoch 60.
Epoch 61/2000 | Loss: 0.0012016304
Epoch 62/2000 | Loss: 0.0014760726
Epoch 63/2000 | Loss: 0.0014678698
Epoch 64/2000 | Loss: 0.0014055708
Epoch 65/2000 | Loss: 0.0010764489
Epoch 66/2000 | Loss: 0.0010056776
Epoch 67/2000 | Loss: 0.0011184096
Epoch 68/2000 | Loss: 0.0012413789
Epoch 69/2000 | Loss: 0.0011492853
Epoch 70/2000 | Loss: 0.0011241531
Epoch 71/2000 | Loss: 0.0012013223
Epoch 72/2000 | Loss: 0.0010254684
Epoch 73/2000 | Loss: 0.0010010043
Epoch 74/2000 | Loss: 0.0009712161
Saved at epoch 74.
Epoch 75/2000 | Loss: 0.0010598016
Epoch 76/2000 | Loss: 0.0009683790
Saved at epoch 76.
Epoch 77/2000 | Loss: 0.0010255804
Epoch 78/2000 | Loss: 0.0010105135
Epoch 79/2000 | Loss: 0.0009376679
Saved at epoch 79.
Epoch 80/2000 | Loss: 0.0009334920
Saved at epoch 80.
Epoch 81/2000 | Loss: 0.0011727508
Epoch 82/2000 | Loss: 0.0008777315
Saved at epoch 82.
Epoch 83/2000 | Loss: 0.0011348902
Epoch 84/2000 | Loss: 0.0010580298
Epoch 85/2000 | Loss: 0.0009918202
Epoch 86/2000 | Loss: 0.0012104548
Epoch 87/2000 | Loss: 0.0009314272
Epoch 88/2000 | Loss: 0.0008214667
Saved at epoch 88.
Epoch 89/2000 | Loss: 0.0011720554
Epoch 90/2000 | Loss: 0.0009752606
Epoch 91/2000 | Loss: 0.0010853039
Epoch 92/2000 | Loss: 0.0012645649
Epoch 93/2000 | Loss: 0.0010098578
Epoch 94/2000 | Loss: 0.0010341382
Epoch 95/2000 | Loss: 0.0008390742
Epoch 96/2000 | Loss: 0.0008661617
Epoch 97/2000 | Loss: 0.0008261402
Epoch 98/2000 | Loss: 0.0008596405
Epoch 99/2000 | Loss: 0.0008658994
Epoch 100/2000 | Loss: 0.0008487010
Epoch 101/2000 | Loss: 0.0008465623
Epoch 102/2000 | Loss: 0.0008135116
Saved at epoch 102.
Epoch 103/2000 | Loss: 0.0008809727
Epoch 104/2000 | Loss: 0.0009573747
Epoch 105/2000 | Loss: 0.0009087048
Epoch 106/2000 | Loss: 0.0013512413
Epoch 107/2000 | Loss: 0.0011567532
Epoch 108/2000 | Loss: 0.0008011617
Saved at epoch 108.
Epoch 109/2000 | Loss: 0.0011602074
Epoch 110/2000 | Loss: 0.0009103723
Epoch 111/2000 | Loss: 0.0007546455
Saved at epoch 111.
Epoch 112/2000 | Loss: 0.0007351614
Saved at epoch 112.
Epoch 113/2000 | Loss: 0.0007033257
Saved at epoch 113.
Epoch 114/2000 | Loss: 0.0007491726
Epoch 115/2000 | Loss: 0.0009110048
Epoch 116/2000 | Loss: 0.0007452074
Epoch 117/2000 | Loss: 0.0008941279
Epoch 118/2000 | Loss: 0.0007813561
Epoch 119/2000 | Loss: 0.0008402583
Epoch 120/2000 | Loss: 0.0008020283
Epoch 121/2000 | Loss: 0.0011740761
Epoch 122/2000 | Loss: 0.0009589121
Epoch 123/2000 | Loss: 0.0007369187
Epoch 124/2000 | Loss: 0.0006969166
Saved at epoch 124.
Epoch 125/2000 | Loss: 0.0008303293
Epoch 126/2000 | Loss: 0.0007272224
Epoch 127/2000 | Loss: 0.0007758650
Epoch 128/2000 | Loss: 0.0008010000
Epoch 129/2000 | Loss: 0.0007840268
Epoch 130/2000 | Loss: 0.0007150882
Epoch 131/2000 | Loss: 0.0007655975
Epoch 132/2000 | Loss: 0.0006849362
Saved at epoch 132.
Epoch 133/2000 | Loss: 0.0008161401
Epoch 134/2000 | Loss: 0.0007657549
Epoch 135/2000 | Loss: 0.0007749890
Epoch 136/2000 | Loss: 0.0007753277
Epoch 137/2000 | Loss: 0.0008874453
Epoch 138/2000 | Loss: 0.0008323125
Epoch 139/2000 | Loss: 0.0006874675
Epoch 140/2000 | Loss: 0.0007813355
Epoch 141/2000 | Loss: 0.0007259966
Epoch 142/2000 | Loss: 0.0006474395
Saved at epoch 142.
Epoch 143/2000 | Loss: 0.0006628990
Epoch 144/2000 | Loss: 0.0007656002
Epoch 145/2000 | Loss: 0.0008993021
Epoch 146/2000 | Loss: 0.0008647624
Epoch 147/2000 | Loss: 0.0011376285
Epoch 148/2000 | Loss: 0.0011221668
Epoch 149/2000 | Loss: 0.0007907236
Epoch 150/2000 | Loss: 0.0007991350
Epoch 151/2000 | Loss: 0.0007780773
Epoch 152/2000 | Loss: 0.0006909659
Epoch 153/2000 | Loss: 0.0006579382
Epoch 154/2000 | Loss: 0.0006442042
Saved at epoch 154.
Epoch 155/2000 | Loss: 0.0006937466
Epoch 156/2000 | Loss: 0.0007771315
Epoch 157/2000 | Loss: 0.0006235655
Saved at epoch 157.
Epoch 158/2000 | Loss: 0.0007082698
Epoch 159/2000 | Loss: 0.0007071271
Epoch 160/2000 | Loss: 0.0008113933
Epoch 161/2000 | Loss: 0.0009345314
Epoch 162/2000 | Loss: 0.0007938035
Epoch 163/2000 | Loss: 0.0008436118
Epoch 164/2000 | Loss: 0.0008222919
Epoch 165/2000 | Loss: 0.0006445607
Epoch 166/2000 | Loss: 0.0006568668
Epoch 167/2000 | Loss: 0.0006520054
Epoch 168/2000 | Loss: 0.0007195624
Epoch 169/2000 | Loss: 0.0007308280
Epoch 170/2000 | Loss: 0.0007811547
Epoch 171/2000 | Loss: 0.0006585004
Epoch 172/2000 | Loss: 0.0005753304
Saved at epoch 172.
Epoch 173/2000 | Loss: 0.0005452520
Saved at epoch 173.
Epoch 174/2000 | Loss: 0.0005818049
Epoch 175/2000 | Loss: 0.0006542956
Epoch 176/2000 | Loss: 0.0007026382
Epoch 177/2000 | Loss: 0.0006523246
Epoch 178/2000 | Loss: 0.0007625472
Epoch 179/2000 | Loss: 0.0006899886
Epoch 180/2000 | Loss: 0.0006287890
Epoch 181/2000 | Loss: 0.0005848353
Epoch 182/2000 | Loss: 0.0005765120
Epoch 183/2000 | Loss: 0.0006765123
Epoch 184/2000 | Loss: 0.0007358171
Epoch 185/2000 | Loss: 0.0006924362
Epoch 186/2000 | Loss: 0.0008378200
Epoch 187/2000 | Loss: 0.0006064414
Epoch 188/2000 | Loss: 0.0005524697
Epoch 189/2000 | Loss: 0.0005202685
Saved at epoch 189.
Epoch 190/2000 | Loss: 0.0005320776
Epoch 191/2000 | Loss: 0.0006547880
Epoch 192/2000 | Loss: 0.0005540815
Epoch 193/2000 | Loss: 0.0006126524
Epoch 194/2000 | Loss: 0.0007174267
Epoch 195/2000 | Loss: 0.0008785051
Epoch 196/2000 | Loss: 0.0009020726
Epoch 197/2000 | Loss: 0.0006228439
Epoch 198/2000 | Loss: 0.0005842806
Epoch 199/2000 | Loss: 0.0005844559
Epoch 200/2000 | Loss: 0.0006294410
Epoch 201/2000 | Loss: 0.0006583448
Epoch 202/2000 | Loss: 0.0007432441
Epoch 203/2000 | Loss: 0.0006921421
Epoch 204/2000 | Loss: 0.0008249957
Epoch 205/2000 | Loss: 0.0007773511
Epoch 206/2000 | Loss: 0.0006175375
Epoch 207/2000 | Loss: 0.0005983881
Epoch 208/2000 | Loss: 0.0005064146
Saved at epoch 208.
Epoch 209/2000 | Loss: 0.0005726726
Epoch 210/2000 | Loss: 0.0005450804
Epoch 211/2000 | Loss: 0.0005492372
Epoch 212/2000 | Loss: 0.0005796148
Epoch 213/2000 | Loss: 0.0006329964
Epoch 214/2000 | Loss: 0.0005616719
Epoch 215/2000 | Loss: 0.0006260309
Epoch 216/2000 | Loss: 0.0007263843
Epoch 217/2000 | Loss: 0.0006303288
Epoch 218/2000 | Loss: 0.0005911738
Epoch 219/2000 | Loss: 0.0006827978
Epoch 220/2000 | Loss: 0.0006167203
Epoch 221/2000 | Loss: 0.0005449236
Epoch 222/2000 | Loss: 0.0006145059
Epoch 223/2000 | Loss: 0.0005748145
Epoch 224/2000 | Loss: 0.0005463960
Epoch 225/2000 | Loss: 0.0006110009
Epoch 226/2000 | Loss: 0.0006147219
Epoch 227/2000 | Loss: 0.0005129821
Epoch 228/2000 | Loss: 0.0005050663
Saved at epoch 228.
Epoch 229/2000 | Loss: 0.0006129403
Epoch 230/2000 | Loss: 0.0011442670
Epoch 231/2000 | Loss: 0.0006330406
Epoch 232/2000 | Loss: 0.0005050022
Saved at epoch 232.
Epoch 233/2000 | Loss: 0.0004540818
Saved at epoch 233.
Epoch 234/2000 | Loss: 0.0004395340
Saved at epoch 234.
Epoch 235/2000 | Loss: 0.0004877551
Epoch 236/2000 | Loss: 0.0005457101
Epoch 237/2000 | Loss: 0.0005654769
Epoch 238/2000 | Loss: 0.0004734208
Epoch 239/2000 | Loss: 0.0006653388
Epoch 240/2000 | Loss: 0.0006920648
Epoch 241/2000 | Loss: 0.0007568376
Epoch 242/2000 | Loss: 0.0005984525
Epoch 243/2000 | Loss: 0.0005597005
Epoch 244/2000 | Loss: 0.0005827778
Epoch 245/2000 | Loss: 0.0005426332
Epoch 246/2000 | Loss: 0.0005455255
Epoch 247/2000 | Loss: 0.0005009239
Epoch 248/2000 | Loss: 0.0005874799
Epoch 249/2000 | Loss: 0.0005517960
Epoch 250/2000 | Loss: 0.0005583256
Epoch 251/2000 | Loss: 0.0005219085
Epoch 252/2000 | Loss: 0.0004622761
Epoch 253/2000 | Loss: 0.0005148073
Epoch 254/2000 | Loss: 0.0005323611
Epoch 255/2000 | Loss: 0.0004997655
Epoch 256/2000 | Loss: 0.0004742694
Epoch 257/2000 | Loss: 0.0004801827
Epoch 258/2000 | Loss: 0.0005266020
Epoch 259/2000 | Loss: 0.0005624974
Epoch 260/2000 | Loss: 0.0005168980
Epoch 261/2000 | Loss: 0.0005000111
Epoch 262/2000 | Loss: 0.0006680892
Epoch 263/2000 | Loss: 0.0006582826
Epoch 264/2000 | Loss: 0.0006448627
Epoch 265/2000 | Loss: 0.0006567653
Epoch 266/2000 | Loss: 0.0008521375
Epoch 267/2000 | Loss: 0.0007798349
Epoch 268/2000 | Loss: 0.0005423978
Epoch 269/2000 | Loss: 0.0004737138
Epoch 270/2000 | Loss: 0.0004963386
Epoch 271/2000 | Loss: 0.0005145750
Epoch 272/2000 | Loss: 0.0004590752
Epoch 273/2000 | Loss: 0.0004396284
Epoch 274/2000 | Loss: 0.0004442463
Epoch 275/2000 | Loss: 0.0005333989
Epoch 276/2000 | Loss: 0.0005352962
Epoch 277/2000 | Loss: 0.0004492430
Epoch 278/2000 | Loss: 0.0005342495
Epoch 279/2000 | Loss: 0.0005115431
Epoch 280/2000 | Loss: 0.0005022257
Epoch 281/2000 | Loss: 0.0004433243
Epoch 282/2000 | Loss: 0.0004217331
Saved at epoch 282.
Epoch 283/2000 | Loss: 0.0004449670
Epoch 284/2000 | Loss: 0.0004765417
Epoch 285/2000 | Loss: 0.0004181979
Saved at epoch 285.
Epoch 286/2000 | Loss: 0.0004513361
Epoch 287/2000 | Loss: 0.0006606158
Epoch 288/2000 | Loss: 0.0009175959
Epoch 289/2000 | Loss: 0.0009800468
Epoch 290/2000 | Loss: 0.0005691484
Epoch 291/2000 | Loss: 0.0004534823
Epoch 292/2000 | Loss: 0.0004312502
Epoch 293/2000 | Loss: 0.0004280305
Epoch 294/2000 | Loss: 0.0004430685
Epoch 295/2000 | Loss: 0.0004922908
Epoch 296/2000 | Loss: 0.0004713834
Epoch 297/2000 | Loss: 0.0004087790
Saved at epoch 297.
Epoch 298/2000 | Loss: 0.0005297175
Epoch 299/2000 | Loss: 0.0005390095
Epoch 300/2000 | Loss: 0.0005291527
Epoch 301/2000 | Loss: 0.0004504017
Epoch 302/2000 | Loss: 0.0004348788
Epoch 303/2000 | Loss: 0.0004016974
Saved at epoch 303.
Epoch 304/2000 | Loss: 0.0005291315
Epoch 305/2000 | Loss: 0.0006097433
Epoch 306/2000 | Loss: 0.0005668945
Epoch 307/2000 | Loss: 0.0005563718
Epoch 308/2000 | Loss: 0.0005844845
Epoch 309/2000 | Loss: 0.0007215213
Epoch 310/2000 | Loss: 0.0006587507
Epoch 311/2000 | Loss: 0.0005204241
Epoch 312/2000 | Loss: 0.0004909203
Epoch 313/2000 | Loss: 0.0004159125
Epoch 314/2000 | Loss: 0.0004286433
Epoch 315/2000 | Loss: 0.0003960562
Saved at epoch 315.
Epoch 316/2000 | Loss: 0.0004883361
Epoch 317/2000 | Loss: 0.0004140359
Epoch 318/2000 | Loss: 0.0004519069
Epoch 319/2000 | Loss: 0.0004257627
Epoch 320/2000 | Loss: 0.0004313921
Epoch 321/2000 | Loss: 0.0005168604
Epoch 322/2000 | Loss: 0.0004934830
Epoch 323/2000 | Loss: 0.0004508724
Epoch 324/2000 | Loss: 0.0005043207
Epoch 325/2000 | Loss: 0.0005491649
Epoch 326/2000 | Loss: 0.0006474986
Epoch 327/2000 | Loss: 0.0005536120
Epoch 328/2000 | Loss: 0.0004992391
Epoch 329/2000 | Loss: 0.0004482397
Epoch 330/2000 | Loss: 0.0004835448
Epoch 331/2000 | Loss: 0.0005261080
Epoch 332/2000 | Loss: 0.0004648549
Epoch 333/2000 | Loss: 0.0004269266
Epoch 334/2000 | Loss: 0.0005336012
Epoch 335/2000 | Loss: 0.0005375809
Epoch 336/2000 | Loss: 0.0004669704
Epoch 337/2000 | Loss: 0.0004184053
Epoch 338/2000 | Loss: 0.0004660783
Epoch 339/2000 | Loss: 0.0004018574
Epoch 340/2000 | Loss: 0.0004107665
Epoch 341/2000 | Loss: 0.0004519078
Epoch 342/2000 | Loss: 0.0004690724
Epoch 343/2000 | Loss: 0.0005082002
Epoch 344/2000 | Loss: 0.0005198533
Epoch 345/2000 | Loss: 0.0004889900
Epoch 346/2000 | Loss: 0.0004364453
Epoch 347/2000 | Loss: 0.0004453585
Epoch 348/2000 | Loss: 0.0003846676
Saved at epoch 348.
Epoch 349/2000 | Loss: 0.0004132056
Epoch 350/2000 | Loss: 0.0004565623
Epoch 351/2000 | Loss: 0.0007140428
Epoch 352/2000 | Loss: 0.0006329562
Epoch 353/2000 | Loss: 0.0004753965
Epoch 354/2000 | Loss: 0.0003992847
Epoch 355/2000 | Loss: 0.0004355283
Epoch 356/2000 | Loss: 0.0004437924
Epoch 357/2000 | Loss: 0.0004057546
Epoch 358/2000 | Loss: 0.0005317807
Epoch 359/2000 | Loss: 0.0004384721
Epoch 360/2000 | Loss: 0.0004322743
Epoch 361/2000 | Loss: 0.0004678203
Epoch 362/2000 | Loss: 0.0004165943
Epoch 363/2000 | Loss: 0.0004792811
Epoch 364/2000 | Loss: 0.0004947075
Epoch 365/2000 | Loss: 0.0004478569
Epoch 366/2000 | Loss: 0.0004455153
Epoch 367/2000 | Loss: 0.0004376092
Epoch 368/2000 | Loss: 0.0003900418
Epoch 369/2000 | Loss: 0.0003793297
Saved at epoch 369.
Epoch 370/2000 | Loss: 0.0004787964
Epoch 371/2000 | Loss: 0.0004769466
Epoch 372/2000 | Loss: 0.0004270101
Epoch 373/2000 | Loss: 0.0004687379
Epoch 374/2000 | Loss: 0.0004485266
Epoch 375/2000 | Loss: 0.0004418853
Epoch 376/2000 | Loss: 0.0004774488
Epoch 377/2000 | Loss: 0.0006030603
Epoch 378/2000 | Loss: 0.0004869734
Epoch 379/2000 | Loss: 0.0004573485
Epoch 380/2000 | Loss: 0.0004522661
Epoch 381/2000 | Loss: 0.0003730428
Saved at epoch 381.
Epoch 382/2000 | Loss: 0.0003735966
Epoch 383/2000 | Loss: 0.0004146829
Epoch 384/2000 | Loss: 0.0003698768
Saved at epoch 384.
Epoch 385/2000 | Loss: 0.0004002923
Epoch 386/2000 | Loss: 0.0006352223
Epoch 387/2000 | Loss: 0.0004338777
Epoch 388/2000 | Loss: 0.0004081463
Epoch 389/2000 | Loss: 0.0004433788
Epoch 390/2000 | Loss: 0.0004125631
Epoch 391/2000 | Loss: 0.0005127391
Epoch 392/2000 | Loss: 0.0004101277
Epoch 393/2000 | Loss: 0.0003758760
Epoch 394/2000 | Loss: 0.0003781007
Epoch 395/2000 | Loss: 0.0003902124
Epoch 396/2000 | Loss: 0.0004106591
Epoch 397/2000 | Loss: 0.0004016938
Epoch 398/2000 | Loss: 0.0004370342
Epoch 399/2000 | Loss: 0.0005048661
Epoch 400/2000 | Loss: 0.0004069889
Epoch 401/2000 | Loss: 0.0004189530
Epoch 402/2000 | Loss: 0.0004275684
Epoch 403/2000 | Loss: 0.0004752605
Epoch 404/2000 | Loss: 0.0004198344
Epoch 405/2000 | Loss: 0.0003705503
Epoch 406/2000 | Loss: 0.0003755647
Epoch 407/2000 | Loss: 0.0003678217
Saved at epoch 407.
Epoch 408/2000 | Loss: 0.0003814953
Epoch 409/2000 | Loss: 0.0004182159
Epoch 410/2000 | Loss: 0.0005224011
Epoch 411/2000 | Loss: 0.0004605699
Epoch 412/2000 | Loss: 0.0003940471
Epoch 413/2000 | Loss: 0.0004047171
Epoch 414/2000 | Loss: 0.0005305009
Epoch 415/2000 | Loss: 0.0004672480
Epoch 416/2000 | Loss: 0.0004985254
Epoch 417/2000 | Loss: 0.0004330386
Epoch 418/2000 | Loss: 0.0003774680
Epoch 419/2000 | Loss: 0.0003613846
Saved at epoch 419.
Epoch 420/2000 | Loss: 0.0004613190
Epoch 421/2000 | Loss: 0.0004416555
Epoch 422/2000 | Loss: 0.0004313068
Epoch 423/2000 | Loss: 0.0004892609
Epoch 424/2000 | Loss: 0.0003867229
Epoch 425/2000 | Loss: 0.0003670107
Epoch 426/2000 | Loss: 0.0003727425
Epoch 427/2000 | Loss: 0.0003539126
Saved at epoch 427.
Epoch 428/2000 | Loss: 0.0003377766
Saved at epoch 428.
Epoch 429/2000 | Loss: 0.0003630505
Epoch 430/2000 | Loss: 0.0003842908
Epoch 431/2000 | Loss: 0.0003775719
Epoch 432/2000 | Loss: 0.0003929791
Epoch 433/2000 | Loss: 0.0003375390
Saved at epoch 433.
Epoch 434/2000 | Loss: 0.0004009369
Epoch 435/2000 | Loss: 0.0005663868
Epoch 436/2000 | Loss: 0.0005852818
Epoch 437/2000 | Loss: 0.0004189506
Epoch 438/2000 | Loss: 0.0003872550
Epoch 439/2000 | Loss: 0.0003937524
Epoch 440/2000 | Loss: 0.0004264028
Epoch 441/2000 | Loss: 0.0004652143
Epoch 442/2000 | Loss: 0.0003965477
Epoch 443/2000 | Loss: 0.0003615929
Epoch 444/2000 | Loss: 0.0003913918
Epoch 445/2000 | Loss: 0.0003725972
Epoch 446/2000 | Loss: 0.0003697662
Epoch 447/2000 | Loss: 0.0003199346
Saved at epoch 447.
Epoch 448/2000 | Loss: 0.0003405419
Epoch 449/2000 | Loss: 0.0003707812
Epoch 450/2000 | Loss: 0.0004339550
Epoch 451/2000 | Loss: 0.0004780628
Epoch 452/2000 | Loss: 0.0005412934
Epoch 453/2000 | Loss: 0.0004798622
Epoch 454/2000 | Loss: 0.0006211111
Epoch 455/2000 | Loss: 0.0005723173
Epoch 456/2000 | Loss: 0.0003858492
Epoch 457/2000 | Loss: 0.0003608696
Epoch 458/2000 | Loss: 0.0003520224
Epoch 459/2000 | Loss: 0.0003476062
Epoch 460/2000 | Loss: 0.0003581013
Epoch 461/2000 | Loss: 0.0003849042
Epoch 462/2000 | Loss: 0.0003634249
Epoch 463/2000 | Loss: 0.0003785066
Epoch 464/2000 | Loss: 0.0003652060
Epoch 465/2000 | Loss: 0.0005069468
Epoch 466/2000 | Loss: 0.0003731768
Epoch 467/2000 | Loss: 0.0003479221
Epoch 468/2000 | Loss: 0.0003784259
Epoch 469/2000 | Loss: 0.0004526713
Epoch 470/2000 | Loss: 0.0004967893
Epoch 471/2000 | Loss: 0.0003464146
Epoch 472/2000 | Loss: 0.0003536673
Epoch 473/2000 | Loss: 0.0003439970
Epoch 474/2000 | Loss: 0.0003834397
Epoch 475/2000 | Loss: 0.0003459756
Epoch 476/2000 | Loss: 0.0003167647
Saved at epoch 476.
Epoch 477/2000 | Loss: 0.0003009621
Saved at epoch 477.
Epoch 478/2000 | Loss: 0.0003363749
Epoch 479/2000 | Loss: 0.0003056042
Epoch 480/2000 | Loss: 0.0003275372
Epoch 481/2000 | Loss: 0.0003258770
Epoch 482/2000 | Loss: 0.0004694048
Epoch 483/2000 | Loss: 0.0004784472
Epoch 484/2000 | Loss: 0.0005535584
Epoch 485/2000 | Loss: 0.0004979715
Epoch 486/2000 | Loss: 0.0004973431
Epoch 487/2000 | Loss: 0.0003880065
Epoch 488/2000 | Loss: 0.0003400793
Epoch 489/2000 | Loss: 0.0003122184
Epoch 490/2000 | Loss: 0.0003198249
Epoch 491/2000 | Loss: 0.0003126769
Epoch 492/2000 | Loss: 0.0003252089
Epoch 493/2000 | Loss: 0.0003911311
Epoch 494/2000 | Loss: 0.0004247416
Epoch 495/2000 | Loss: 0.0003897094
Epoch 496/2000 | Loss: 0.0003707203
Epoch 497/2000 | Loss: 0.0003814268
Epoch 498/2000 | Loss: 0.0003792852
Epoch 499/2000 | Loss: 0.0004281665
Epoch 500/2000 | Loss: 0.0004036994
Epoch 501/2000 | Loss: 0.0005155282
Epoch 502/2000 | Loss: 0.0005612302
Epoch 503/2000 | Loss: 0.0004227625
Epoch 504/2000 | Loss: 0.0003070078
Epoch 505/2000 | Loss: 0.0002898745
Saved at epoch 505.
Epoch 506/2000 | Loss: 0.0003384364
Epoch 507/2000 | Loss: 0.0003165532
Epoch 508/2000 | Loss: 0.0002959000
Epoch 509/2000 | Loss: 0.0003397058
Epoch 510/2000 | Loss: 0.0004915265
Epoch 511/2000 | Loss: 0.0003972892
Epoch 512/2000 | Loss: 0.0003879476
Epoch 513/2000 | Loss: 0.0004020639
Epoch 514/2000 | Loss: 0.0003378874
Epoch 515/2000 | Loss: 0.0003027831
Epoch 516/2000 | Loss: 0.0003091532
Epoch 517/2000 | Loss: 0.0002815850
Saved at epoch 517.
Epoch 518/2000 | Loss: 0.0002938275
Epoch 519/2000 | Loss: 0.0003041182
Epoch 520/2000 | Loss: 0.0004121839
Epoch 521/2000 | Loss: 0.0004715351
Epoch 522/2000 | Loss: 0.0004238270
Epoch 523/2000 | Loss: 0.0004074789
Epoch 524/2000 | Loss: 0.0004971919
Epoch 525/2000 | Loss: 0.0005272618
Epoch 526/2000 | Loss: 0.0004785056
Epoch 527/2000 | Loss: 0.0003773739
Epoch 528/2000 | Loss: 0.0003056627
Epoch 529/2000 | Loss: 0.0003036073
Epoch 530/2000 | Loss: 0.0002939501
Epoch 531/2000 | Loss: 0.0003053017
Epoch 532/2000 | Loss: 0.0003039258
Epoch 533/2000 | Loss: 0.0003696826
Epoch 534/2000 | Loss: 0.0002896924
Epoch 535/2000 | Loss: 0.0003025366
Epoch 536/2000 | Loss: 0.0003507195
Epoch 537/2000 | Loss: 0.0003309401
Epoch 538/2000 | Loss: 0.0003501094
Epoch 539/2000 | Loss: 0.0004092831
Epoch 540/2000 | Loss: 0.0003994396
Epoch 541/2000 | Loss: 0.0004381362
Epoch 542/2000 | Loss: 0.0004375810
Epoch 543/2000 | Loss: 0.0003990658
Epoch 544/2000 | Loss: 0.0003342473
Epoch 545/2000 | Loss: 0.0005451594
Epoch 546/2000 | Loss: 0.0005401490
Epoch 547/2000 | Loss: 0.0004685295
Epoch 548/2000 | Loss: 0.0003740567
Epoch 549/2000 | Loss: 0.0003561669
Epoch 550/2000 | Loss: 0.0002955477
Epoch 551/2000 | Loss: 0.0002873755
Epoch 552/2000 | Loss: 0.0003107259
Epoch 553/2000 | Loss: 0.0003688128
Epoch 554/2000 | Loss: 0.0003595416
Epoch 555/2000 | Loss: 0.0003342560
Epoch 556/2000 | Loss: 0.0002928815
Epoch 557/2000 | Loss: 0.0002698621
Saved at epoch 557.
Epoch 558/2000 | Loss: 0.0002767490
Epoch 559/2000 | Loss: 0.0002733209
Epoch 560/2000 | Loss: 0.0002925818
Epoch 561/2000 | Loss: 0.0002795572
Epoch 562/2000 | Loss: 0.0003715333
Epoch 563/2000 | Loss: 0.0003118747
Epoch 564/2000 | Loss: 0.0003269702
Epoch 565/2000 | Loss: 0.0003587740
Epoch 566/2000 | Loss: 0.0006120326
Epoch 567/2000 | Loss: 0.0004965226
Epoch 568/2000 | Loss: 0.0005948028
Epoch 569/2000 | Loss: 0.0005703535
Epoch 570/2000 | Loss: 0.0003667763
Epoch 571/2000 | Loss: 0.0003197929
Epoch 572/2000 | Loss: 0.0002930182
Epoch 573/2000 | Loss: 0.0002897473
Epoch 574/2000 | Loss: 0.0002695238
Saved at epoch 574.
Epoch 575/2000 | Loss: 0.0002744870
Epoch 576/2000 | Loss: 0.0002799275
Epoch 577/2000 | Loss: 0.0002710670
Epoch 578/2000 | Loss: 0.0002798287
Epoch 579/2000 | Loss: 0.0002994084
Epoch 580/2000 | Loss: 0.0003455788
Epoch 581/2000 | Loss: 0.0003137544
Epoch 582/2000 | Loss: 0.0003153244
Epoch 583/2000 | Loss: 0.0003221079
Epoch 584/2000 | Loss: 0.0004635327
Epoch 585/2000 | Loss: 0.0005452177
Epoch 586/2000 | Loss: 0.0004433450
Epoch 587/2000 | Loss: 0.0004257244
Epoch 588/2000 | Loss: 0.0004156221
Epoch 589/2000 | Loss: 0.0003520407
Epoch 590/2000 | Loss: 0.0002971898
Epoch 591/2000 | Loss: 0.0002673117
Saved at epoch 591.
Epoch 592/2000 | Loss: 0.0002780936
Epoch 593/2000 | Loss: 0.0003260246
Epoch 594/2000 | Loss: 0.0003312309
Epoch 595/2000 | Loss: 0.0002921066
Epoch 596/2000 | Loss: 0.0003302562
Epoch 597/2000 | Loss: 0.0002758307
Epoch 598/2000 | Loss: 0.0002736528
Epoch 599/2000 | Loss: 0.0002862489
Epoch 600/2000 | Loss: 0.0002811610
Epoch 601/2000 | Loss: 0.0003601604
Epoch 602/2000 | Loss: 0.0005720239
Epoch 603/2000 | Loss: 0.0005223962
Epoch 604/2000 | Loss: 0.0004359372
Epoch 605/2000 | Loss: 0.0004951722
Epoch 606/2000 | Loss: 0.0005772940
Epoch 607/2000 | Loss: 0.0005314448
Epoch 608/2000 | Loss: 0.0003789241
Epoch 609/2000 | Loss: 0.0003298182
Epoch 610/2000 | Loss: 0.0004397493
Epoch 611/2000 | Loss: 0.0003437327
Epoch 612/2000 | Loss: 0.0003103384
Epoch 613/2000 | Loss: 0.0002697458
Epoch 614/2000 | Loss: 0.0003050660
Epoch 615/2000 | Loss: 0.0003944933
Epoch 616/2000 | Loss: 0.0004337196
Epoch 617/2000 | Loss: 0.0003192971
Epoch 618/2000 | Loss: 0.0002809238
Epoch 619/2000 | Loss: 0.0002869129
Epoch 620/2000 | Loss: 0.0003376982
Epoch 621/2000 | Loss: 0.0008169502
Epoch 622/2000 | Loss: 0.0005486227
Epoch 623/2000 | Loss: 0.0003402184
Epoch 624/2000 | Loss: 0.0003300442
Epoch 625/2000 | Loss: 0.0002691332
Epoch 626/2000 | Loss: 0.0002690838
Epoch 627/2000 | Loss: 0.0002607826
Saved at epoch 627.
Epoch 628/2000 | Loss: 0.0002734910
Epoch 629/2000 | Loss: 0.0002683034
Epoch 630/2000 | Loss: 0.0002936536
Epoch 631/2000 | Loss: 0.0002895008
Epoch 632/2000 | Loss: 0.0004023375
Epoch 633/2000 | Loss: 0.0004012806
Epoch 634/2000 | Loss: 0.0003502097
Epoch 635/2000 | Loss: 0.0003591407
Epoch 636/2000 | Loss: 0.0003178638
Epoch 637/2000 | Loss: 0.0003107509
Epoch 638/2000 | Loss: 0.0002786472
Epoch 639/2000 | Loss: 0.0003345873
Epoch 640/2000 | Loss: 0.0003286183
Epoch 641/2000 | Loss: 0.0003204653
Epoch 642/2000 | Loss: 0.0003083176
Epoch 643/2000 | Loss: 0.0003220962
Epoch 644/2000 | Loss: 0.0003646502
Epoch 645/2000 | Loss: 0.0003725878
Epoch 646/2000 | Loss: 0.0003236226
Epoch 647/2000 | Loss: 0.0002651692
Epoch 648/2000 | Loss: 0.0002825708
Epoch 649/2000 | Loss: 0.0003298723
Epoch 650/2000 | Loss: 0.0003333050
Epoch 651/2000 | Loss: 0.0003349988
Epoch 652/2000 | Loss: 0.0003878530
Epoch 653/2000 | Loss: 0.0003186345
Epoch 654/2000 | Loss: 0.0003172857
Epoch 655/2000 | Loss: 0.0002771005
Epoch 656/2000 | Loss: 0.0002796361
Epoch 657/2000 | Loss: 0.0002822858
Epoch 658/2000 | Loss: 0.0003147270
Epoch 659/2000 | Loss: 0.0003121697
Epoch 660/2000 | Loss: 0.0003332238
Epoch 661/2000 | Loss: 0.0002894707
Epoch 662/2000 | Loss: 0.0003351993
Epoch 663/2000 | Loss: 0.0003143743
Epoch 664/2000 | Loss: 0.0002818658
Epoch 665/2000 | Loss: 0.0002857959
Epoch 666/2000 | Loss: 0.0003747871
Epoch 667/2000 | Loss: 0.0003725384
Epoch 668/2000 | Loss: 0.0003746679
Epoch 669/2000 | Loss: 0.0005333071
Epoch 670/2000 | Loss: 0.0005705211
Epoch 671/2000 | Loss: 0.0004326077
Epoch 672/2000 | Loss: 0.0003335509
Epoch 673/2000 | Loss: 0.0003006440
Epoch 674/2000 | Loss: 0.0003478951
Epoch 675/2000 | Loss: 0.0003661881
Epoch 676/2000 | Loss: 0.0003054391
Epoch 677/2000 | Loss: 0.0002849788
Early stopping at epoch 677.
142 seconds elapsed.

RMSE
auau: 0.7325
ausio2: 0.3633
ligcl: 0.2244
ligsio2: 0.3664
all: 0.4618
