LD=3
Using: cuda
Epoch 1/2000 | Loss: 0.0623643815
Saved at epoch 1.
Epoch 2/2000 | Loss: 0.0152836429
Saved at epoch 2.
Epoch 3/2000 | Loss: 0.0078443249
Saved at epoch 3.
Epoch 4/2000 | Loss: 0.0061239876
Saved at epoch 4.
Epoch 5/2000 | Loss: 0.0052443766
Saved at epoch 5.
Epoch 6/2000 | Loss: 0.0048104899
Saved at epoch 6.
Epoch 7/2000 | Loss: 0.0045203833
Saved at epoch 7.
Epoch 8/2000 | Loss: 0.0041751525
Saved at epoch 8.
Epoch 9/2000 | Loss: 0.0039764222
Saved at epoch 9.
Epoch 10/2000 | Loss: 0.0039936392
Epoch 11/2000 | Loss: 0.0036435420
Saved at epoch 11.
Epoch 12/2000 | Loss: 0.0034839151
Saved at epoch 12.
Epoch 13/2000 | Loss: 0.0031149011
Saved at epoch 13.
Epoch 14/2000 | Loss: 0.0034814559
Epoch 15/2000 | Loss: 0.0029347249
Saved at epoch 15.
Epoch 16/2000 | Loss: 0.0030984712
Epoch 17/2000 | Loss: 0.0027468328
Saved at epoch 17.
Epoch 18/2000 | Loss: 0.0025495015
Saved at epoch 18.
Epoch 19/2000 | Loss: 0.0029644467
Epoch 20/2000 | Loss: 0.0026497396
Epoch 21/2000 | Loss: 0.0025329707
Saved at epoch 21.
Epoch 22/2000 | Loss: 0.0027804210
Epoch 23/2000 | Loss: 0.0025899193
Epoch 24/2000 | Loss: 0.0023002133
Saved at epoch 24.
Epoch 25/2000 | Loss: 0.0022209898
Saved at epoch 25.
Epoch 26/2000 | Loss: 0.0022754602
Epoch 27/2000 | Loss: 0.0022128666
Saved at epoch 27.
Epoch 28/2000 | Loss: 0.0023011423
Epoch 29/2000 | Loss: 0.0024313619
Epoch 30/2000 | Loss: 0.0021345237
Saved at epoch 30.
Epoch 31/2000 | Loss: 0.0020422854
Saved at epoch 31.
Epoch 32/2000 | Loss: 0.0019761330
Saved at epoch 32.
Epoch 33/2000 | Loss: 0.0020522528
Epoch 34/2000 | Loss: 0.0022607394
Epoch 35/2000 | Loss: 0.0022205043
Epoch 36/2000 | Loss: 0.0018362982
Saved at epoch 36.
Epoch 37/2000 | Loss: 0.0020515830
Epoch 38/2000 | Loss: 0.0019265439
Epoch 39/2000 | Loss: 0.0019532098
Epoch 40/2000 | Loss: 0.0023030538
Epoch 41/2000 | Loss: 0.0020812855
Epoch 42/2000 | Loss: 0.0017376415
Saved at epoch 42.
Epoch 43/2000 | Loss: 0.0018548690
Epoch 44/2000 | Loss: 0.0019947010
Epoch 45/2000 | Loss: 0.0017947101
Epoch 46/2000 | Loss: 0.0016998842
Saved at epoch 46.
Epoch 47/2000 | Loss: 0.0018418660
Epoch 48/2000 | Loss: 0.0018909078
Epoch 49/2000 | Loss: 0.0019055997
Epoch 50/2000 | Loss: 0.0018225970
Epoch 51/2000 | Loss: 0.0020889344
Epoch 52/2000 | Loss: 0.0019530833
Epoch 53/2000 | Loss: 0.0018162624
Epoch 54/2000 | Loss: 0.0019753947
Epoch 55/2000 | Loss: 0.0021188478
Epoch 56/2000 | Loss: 0.0017984730
Epoch 57/2000 | Loss: 0.0017179517
Epoch 58/2000 | Loss: 0.0016822618
Saved at epoch 58.
Epoch 59/2000 | Loss: 0.0015426298
Saved at epoch 59.
Epoch 60/2000 | Loss: 0.0015862909
Epoch 61/2000 | Loss: 0.0016824356
Epoch 62/2000 | Loss: 0.0015817970
Epoch 63/2000 | Loss: 0.0015483581
Epoch 64/2000 | Loss: 0.0014561971
Saved at epoch 64.
Epoch 65/2000 | Loss: 0.0015130238
Epoch 66/2000 | Loss: 0.0017676293
Epoch 67/2000 | Loss: 0.0015663471
Epoch 68/2000 | Loss: 0.0014894790
Epoch 69/2000 | Loss: 0.0017212897
Epoch 70/2000 | Loss: 0.0017910372
Epoch 71/2000 | Loss: 0.0018134800
Epoch 72/2000 | Loss: 0.0018356568
Epoch 73/2000 | Loss: 0.0016006828
Epoch 74/2000 | Loss: 0.0015761971
Epoch 75/2000 | Loss: 0.0013662236
Saved at epoch 75.
Epoch 76/2000 | Loss: 0.0014814019
Epoch 77/2000 | Loss: 0.0017428800
Epoch 78/2000 | Loss: 0.0014962933
Epoch 79/2000 | Loss: 0.0015634473
Epoch 80/2000 | Loss: 0.0014131169
Epoch 81/2000 | Loss: 0.0013885154
Epoch 82/2000 | Loss: 0.0014012391
Epoch 83/2000 | Loss: 0.0013229511
Saved at epoch 83.
Epoch 84/2000 | Loss: 0.0013789769
Epoch 85/2000 | Loss: 0.0015874712
Epoch 86/2000 | Loss: 0.0016184219
Epoch 87/2000 | Loss: 0.0014791117
Epoch 88/2000 | Loss: 0.0013719166
Epoch 89/2000 | Loss: 0.0017065495
Epoch 90/2000 | Loss: 0.0013137221
Saved at epoch 90.
Epoch 91/2000 | Loss: 0.0013977873
Epoch 92/2000 | Loss: 0.0015184088
Epoch 93/2000 | Loss: 0.0014765574
Epoch 94/2000 | Loss: 0.0014743884
Epoch 95/2000 | Loss: 0.0014441889
Epoch 96/2000 | Loss: 0.0013569247
Epoch 97/2000 | Loss: 0.0013533884
Epoch 98/2000 | Loss: 0.0012277987
Saved at epoch 98.
Epoch 99/2000 | Loss: 0.0012225797
Saved at epoch 99.
Epoch 100/2000 | Loss: 0.0017848929
Epoch 101/2000 | Loss: 0.0014380932
Epoch 102/2000 | Loss: 0.0012525908
Epoch 103/2000 | Loss: 0.0013519425
Epoch 104/2000 | Loss: 0.0013559788
Epoch 105/2000 | Loss: 0.0012919138
Epoch 106/2000 | Loss: 0.0012573853
Epoch 107/2000 | Loss: 0.0013555875
Epoch 108/2000 | Loss: 0.0015596929
Epoch 109/2000 | Loss: 0.0013563588
Epoch 110/2000 | Loss: 0.0012635942
Epoch 111/2000 | Loss: 0.0012429947
Epoch 112/2000 | Loss: 0.0012594251
Epoch 113/2000 | Loss: 0.0012577846
Epoch 114/2000 | Loss: 0.0014124722
Epoch 115/2000 | Loss: 0.0011820700
Saved at epoch 115.
Epoch 116/2000 | Loss: 0.0013982550
Epoch 117/2000 | Loss: 0.0012295683
Epoch 118/2000 | Loss: 0.0011861446
Epoch 119/2000 | Loss: 0.0014464391
Epoch 120/2000 | Loss: 0.0016103898
Epoch 121/2000 | Loss: 0.0011572811
Saved at epoch 121.
Epoch 122/2000 | Loss: 0.0014787062
Epoch 123/2000 | Loss: 0.0014597289
Epoch 124/2000 | Loss: 0.0013400929
Epoch 125/2000 | Loss: 0.0013007252
Epoch 126/2000 | Loss: 0.0013411447
Epoch 127/2000 | Loss: 0.0011464430
Saved at epoch 127.
Epoch 128/2000 | Loss: 0.0011222661
Saved at epoch 128.
Epoch 129/2000 | Loss: 0.0012698530
Epoch 130/2000 | Loss: 0.0012833594
Epoch 131/2000 | Loss: 0.0012244600
Epoch 132/2000 | Loss: 0.0011458835
Epoch 133/2000 | Loss: 0.0010736566
Saved at epoch 133.
Epoch 134/2000 | Loss: 0.0011056508
Epoch 135/2000 | Loss: 0.0012886164
Epoch 136/2000 | Loss: 0.0011449933
Epoch 137/2000 | Loss: 0.0013492626
Epoch 138/2000 | Loss: 0.0013703064
Epoch 139/2000 | Loss: 0.0011896494
Epoch 140/2000 | Loss: 0.0010593757
Saved at epoch 140.
Epoch 141/2000 | Loss: 0.0010669062
Epoch 142/2000 | Loss: 0.0011452826
Epoch 143/2000 | Loss: 0.0011662624
Epoch 144/2000 | Loss: 0.0011035302
Epoch 145/2000 | Loss: 0.0011895978
Epoch 146/2000 | Loss: 0.0013760857
Epoch 147/2000 | Loss: 0.0013021262
Epoch 148/2000 | Loss: 0.0014397480
Epoch 149/2000 | Loss: 0.0012977294
Epoch 150/2000 | Loss: 0.0011520196
Epoch 151/2000 | Loss: 0.0011050462
Epoch 152/2000 | Loss: 0.0011731870
Epoch 153/2000 | Loss: 0.0011161394
Epoch 154/2000 | Loss: 0.0011492296
Epoch 155/2000 | Loss: 0.0010801590
Epoch 156/2000 | Loss: 0.0010949230
Epoch 157/2000 | Loss: 0.0011017192
Epoch 158/2000 | Loss: 0.0010933906
Epoch 159/2000 | Loss: 0.0011977303
Epoch 160/2000 | Loss: 0.0011337782
Epoch 161/2000 | Loss: 0.0011770227
Epoch 162/2000 | Loss: 0.0012524800
Epoch 163/2000 | Loss: 0.0012288474
Epoch 164/2000 | Loss: 0.0011664905
Epoch 165/2000 | Loss: 0.0011800638
Epoch 166/2000 | Loss: 0.0010686110
Epoch 167/2000 | Loss: 0.0010059165
Saved at epoch 167.
Epoch 168/2000 | Loss: 0.0009507673
Saved at epoch 168.
Epoch 169/2000 | Loss: 0.0010203888
Epoch 170/2000 | Loss: 0.0010916270
Epoch 171/2000 | Loss: 0.0010951656
Epoch 172/2000 | Loss: 0.0010875517
Epoch 173/2000 | Loss: 0.0011273952
Epoch 174/2000 | Loss: 0.0011136779
Epoch 175/2000 | Loss: 0.0010986139
Epoch 176/2000 | Loss: 0.0011053621
Epoch 177/2000 | Loss: 0.0010462218
Epoch 178/2000 | Loss: 0.0010310651
Epoch 179/2000 | Loss: 0.0011444609
Epoch 180/2000 | Loss: 0.0009791971
Epoch 181/2000 | Loss: 0.0010037326
Epoch 182/2000 | Loss: 0.0012018609
Epoch 183/2000 | Loss: 0.0011575812
Epoch 184/2000 | Loss: 0.0010168193
Epoch 185/2000 | Loss: 0.0010449638
Epoch 186/2000 | Loss: 0.0010271491
Epoch 187/2000 | Loss: 0.0009201328
Saved at epoch 187.
Epoch 188/2000 | Loss: 0.0010421875
Epoch 189/2000 | Loss: 0.0011077571
Epoch 190/2000 | Loss: 0.0011564194
Epoch 191/2000 | Loss: 0.0016188734
Epoch 192/2000 | Loss: 0.0012945205
Epoch 193/2000 | Loss: 0.0011614333
Epoch 194/2000 | Loss: 0.0014399463
Epoch 195/2000 | Loss: 0.0011679611
Epoch 196/2000 | Loss: 0.0010744780
Epoch 197/2000 | Loss: 0.0009688670
Epoch 198/2000 | Loss: 0.0009593199
Epoch 199/2000 | Loss: 0.0009288176
Epoch 200/2000 | Loss: 0.0010938053
Epoch 201/2000 | Loss: 0.0011045376
Epoch 202/2000 | Loss: 0.0011243124
Epoch 203/2000 | Loss: 0.0010289842
Epoch 204/2000 | Loss: 0.0010013192
Epoch 205/2000 | Loss: 0.0009075537
Saved at epoch 205.
Epoch 206/2000 | Loss: 0.0008869226
Saved at epoch 206.
Epoch 207/2000 | Loss: 0.0010559429
Epoch 208/2000 | Loss: 0.0012425281
Epoch 209/2000 | Loss: 0.0010067553
Epoch 210/2000 | Loss: 0.0009956236
Epoch 211/2000 | Loss: 0.0009610145
Epoch 212/2000 | Loss: 0.0010384849
Epoch 213/2000 | Loss: 0.0014622835
Epoch 214/2000 | Loss: 0.0011430478
Epoch 215/2000 | Loss: 0.0010365563
Epoch 216/2000 | Loss: 0.0010210650
Epoch 217/2000 | Loss: 0.0010704339
Epoch 218/2000 | Loss: 0.0009265555
Epoch 219/2000 | Loss: 0.0009253987
Epoch 220/2000 | Loss: 0.0009567494
Epoch 221/2000 | Loss: 0.0009516342
Epoch 222/2000 | Loss: 0.0009511401
Epoch 223/2000 | Loss: 0.0011702669
Epoch 224/2000 | Loss: 0.0010255187
Epoch 225/2000 | Loss: 0.0009810482
Epoch 226/2000 | Loss: 0.0011173600
Epoch 227/2000 | Loss: 0.0010202530
Epoch 228/2000 | Loss: 0.0010085496
Epoch 229/2000 | Loss: 0.0010697954
Epoch 230/2000 | Loss: 0.0009387059
Epoch 231/2000 | Loss: 0.0008548192
Saved at epoch 231.
Epoch 232/2000 | Loss: 0.0008539738
Saved at epoch 232.
Epoch 233/2000 | Loss: 0.0009085209
Epoch 234/2000 | Loss: 0.0011943575
Epoch 235/2000 | Loss: 0.0009478415
Epoch 236/2000 | Loss: 0.0008999907
Epoch 237/2000 | Loss: 0.0008737617
Epoch 238/2000 | Loss: 0.0010475895
Epoch 239/2000 | Loss: 0.0009503660
Epoch 240/2000 | Loss: 0.0009867572
Epoch 241/2000 | Loss: 0.0009548691
Epoch 242/2000 | Loss: 0.0009801621
Epoch 243/2000 | Loss: 0.0011565395
Epoch 244/2000 | Loss: 0.0012538144
Epoch 245/2000 | Loss: 0.0010991650
Epoch 246/2000 | Loss: 0.0009859145
Epoch 247/2000 | Loss: 0.0009505333
Epoch 248/2000 | Loss: 0.0008559946
Epoch 249/2000 | Loss: 0.0008341477
Saved at epoch 249.
Epoch 250/2000 | Loss: 0.0008378581
Epoch 251/2000 | Loss: 0.0008814182
Epoch 252/2000 | Loss: 0.0008255834
Saved at epoch 252.
Epoch 253/2000 | Loss: 0.0008377982
Epoch 254/2000 | Loss: 0.0008285615
Epoch 255/2000 | Loss: 0.0008192896
Saved at epoch 255.
Epoch 256/2000 | Loss: 0.0008866760
Epoch 257/2000 | Loss: 0.0008305234
Epoch 258/2000 | Loss: 0.0008974298
Epoch 259/2000 | Loss: 0.0008904945
Epoch 260/2000 | Loss: 0.0008727484
Epoch 261/2000 | Loss: 0.0010221150
Epoch 262/2000 | Loss: 0.0015783708
Epoch 263/2000 | Loss: 0.0010432373
Epoch 264/2000 | Loss: 0.0009465800
Epoch 265/2000 | Loss: 0.0008482622
Epoch 266/2000 | Loss: 0.0008954585
Epoch 267/2000 | Loss: 0.0008339619
Epoch 268/2000 | Loss: 0.0008070622
Saved at epoch 268.
Epoch 269/2000 | Loss: 0.0008389826
Epoch 270/2000 | Loss: 0.0008817357
Epoch 271/2000 | Loss: 0.0008440442
Epoch 272/2000 | Loss: 0.0008067982
Saved at epoch 272.
Epoch 273/2000 | Loss: 0.0008215373
Epoch 274/2000 | Loss: 0.0007753345
Saved at epoch 274.
Epoch 275/2000 | Loss: 0.0008460429
Epoch 276/2000 | Loss: 0.0012710452
Epoch 277/2000 | Loss: 0.0015154163
Epoch 278/2000 | Loss: 0.0009743429
Epoch 279/2000 | Loss: 0.0008957671
Epoch 280/2000 | Loss: 0.0010004860
Epoch 281/2000 | Loss: 0.0009449463
Epoch 282/2000 | Loss: 0.0009189751
Epoch 283/2000 | Loss: 0.0008112565
Epoch 284/2000 | Loss: 0.0007884842
Epoch 285/2000 | Loss: 0.0008912946
Epoch 286/2000 | Loss: 0.0008922380
Epoch 287/2000 | Loss: 0.0008149546
Epoch 288/2000 | Loss: 0.0008125631
Epoch 289/2000 | Loss: 0.0009293413
Epoch 290/2000 | Loss: 0.0010552496
Epoch 291/2000 | Loss: 0.0009111220
Epoch 292/2000 | Loss: 0.0008649072
Epoch 293/2000 | Loss: 0.0009787474
Epoch 294/2000 | Loss: 0.0010370033
Epoch 295/2000 | Loss: 0.0009631490
Epoch 296/2000 | Loss: 0.0008354566
Epoch 297/2000 | Loss: 0.0007616845
Saved at epoch 297.
Epoch 298/2000 | Loss: 0.0007893775
Epoch 299/2000 | Loss: 0.0008093140
Epoch 300/2000 | Loss: 0.0010533620
Epoch 301/2000 | Loss: 0.0010523788
Epoch 302/2000 | Loss: 0.0008116542
Epoch 303/2000 | Loss: 0.0007285827
Saved at epoch 303.
Epoch 304/2000 | Loss: 0.0007288265
Epoch 305/2000 | Loss: 0.0007647252
Epoch 306/2000 | Loss: 0.0007228190
Saved at epoch 306.
Epoch 307/2000 | Loss: 0.0007308201
Epoch 308/2000 | Loss: 0.0007931607
Epoch 309/2000 | Loss: 0.0009506691
Epoch 310/2000 | Loss: 0.0008864648
Epoch 311/2000 | Loss: 0.0011424810
Epoch 312/2000 | Loss: 0.0010135793
Epoch 313/2000 | Loss: 0.0008183064
Epoch 314/2000 | Loss: 0.0008926129
Epoch 315/2000 | Loss: 0.0009394036
Epoch 316/2000 | Loss: 0.0008507195
Epoch 317/2000 | Loss: 0.0008104052
Epoch 318/2000 | Loss: 0.0007817355
Epoch 319/2000 | Loss: 0.0008359147
Epoch 320/2000 | Loss: 0.0008360603
Epoch 321/2000 | Loss: 0.0008090360
Epoch 322/2000 | Loss: 0.0010139991
Epoch 323/2000 | Loss: 0.0008485949
Epoch 324/2000 | Loss: 0.0008343673
Epoch 325/2000 | Loss: 0.0007898376
Epoch 326/2000 | Loss: 0.0007888071
Epoch 327/2000 | Loss: 0.0007761542
Epoch 328/2000 | Loss: 0.0007470133
Epoch 329/2000 | Loss: 0.0007709080
Epoch 330/2000 | Loss: 0.0007411711
Epoch 331/2000 | Loss: 0.0007430319
Epoch 332/2000 | Loss: 0.0008009426
Epoch 333/2000 | Loss: 0.0009175383
Epoch 334/2000 | Loss: 0.0008171409
Epoch 335/2000 | Loss: 0.0008994780
Epoch 336/2000 | Loss: 0.0008270069
Epoch 337/2000 | Loss: 0.0009839785
Epoch 338/2000 | Loss: 0.0009185240
Epoch 339/2000 | Loss: 0.0008867945
Epoch 340/2000 | Loss: 0.0008580919
Epoch 341/2000 | Loss: 0.0008345597
Epoch 342/2000 | Loss: 0.0008286268
Epoch 343/2000 | Loss: 0.0007960625
Epoch 344/2000 | Loss: 0.0007486074
Epoch 345/2000 | Loss: 0.0007037592
Saved at epoch 345.
Epoch 346/2000 | Loss: 0.0007252949
Epoch 347/2000 | Loss: 0.0007494206
Epoch 348/2000 | Loss: 0.0007212712
Epoch 349/2000 | Loss: 0.0007182076
Epoch 350/2000 | Loss: 0.0006995693
Saved at epoch 350.
Epoch 351/2000 | Loss: 0.0007872837
Epoch 352/2000 | Loss: 0.0007464497
Epoch 353/2000 | Loss: 0.0008274381
Epoch 354/2000 | Loss: 0.0009114489
Epoch 355/2000 | Loss: 0.0007523655
Epoch 356/2000 | Loss: 0.0007377147
Epoch 357/2000 | Loss: 0.0007911671
Epoch 358/2000 | Loss: 0.0008530811
Epoch 359/2000 | Loss: 0.0008848170
Epoch 360/2000 | Loss: 0.0009174640
Epoch 361/2000 | Loss: 0.0009114352
Epoch 362/2000 | Loss: 0.0008138461
Epoch 363/2000 | Loss: 0.0007820343
Epoch 364/2000 | Loss: 0.0008165623
Epoch 365/2000 | Loss: 0.0007861441
Epoch 366/2000 | Loss: 0.0007725539
Epoch 367/2000 | Loss: 0.0007324584
Epoch 368/2000 | Loss: 0.0006939560
Saved at epoch 368.
Epoch 369/2000 | Loss: 0.0006891016
Saved at epoch 369.
Epoch 370/2000 | Loss: 0.0007371913
Epoch 371/2000 | Loss: 0.0006832119
Saved at epoch 371.
Epoch 372/2000 | Loss: 0.0006823315
Saved at epoch 372.
Epoch 373/2000 | Loss: 0.0007190109
Epoch 374/2000 | Loss: 0.0007992821
Epoch 375/2000 | Loss: 0.0008187349
Epoch 376/2000 | Loss: 0.0007796528
Epoch 377/2000 | Loss: 0.0009117807
Epoch 378/2000 | Loss: 0.0009819570
Epoch 379/2000 | Loss: 0.0010002303
Epoch 380/2000 | Loss: 0.0008780870
Epoch 381/2000 | Loss: 0.0008739778
Epoch 382/2000 | Loss: 0.0009223663
Epoch 383/2000 | Loss: 0.0009553151
Epoch 384/2000 | Loss: 0.0007961740
Epoch 385/2000 | Loss: 0.0007244440
Epoch 386/2000 | Loss: 0.0006743775
Saved at epoch 386.
Epoch 387/2000 | Loss: 0.0006915974
Epoch 388/2000 | Loss: 0.0007100528
Epoch 389/2000 | Loss: 0.0006628393
Saved at epoch 389.
Epoch 390/2000 | Loss: 0.0008026116
Epoch 391/2000 | Loss: 0.0011602977
Epoch 392/2000 | Loss: 0.0009222763
Epoch 393/2000 | Loss: 0.0008133279
Epoch 394/2000 | Loss: 0.0007105654
Epoch 395/2000 | Loss: 0.0007138985
Epoch 396/2000 | Loss: 0.0007595764
Epoch 397/2000 | Loss: 0.0007331405
Epoch 398/2000 | Loss: 0.0007356157
Epoch 399/2000 | Loss: 0.0006790440
Epoch 400/2000 | Loss: 0.0006349408
Saved at epoch 400.
Epoch 401/2000 | Loss: 0.0006388423
Epoch 402/2000 | Loss: 0.0006508173
Epoch 403/2000 | Loss: 0.0006668310
Epoch 404/2000 | Loss: 0.0007089572
Epoch 405/2000 | Loss: 0.0008382661
Epoch 406/2000 | Loss: 0.0008631754
Epoch 407/2000 | Loss: 0.0007484189
Epoch 408/2000 | Loss: 0.0007196216
Epoch 409/2000 | Loss: 0.0006916460
Epoch 410/2000 | Loss: 0.0007626689
Epoch 411/2000 | Loss: 0.0007311662
Epoch 412/2000 | Loss: 0.0006875779
Epoch 413/2000 | Loss: 0.0006857787
Epoch 414/2000 | Loss: 0.0006578062
Epoch 415/2000 | Loss: 0.0008072788
Epoch 416/2000 | Loss: 0.0008189511
Epoch 417/2000 | Loss: 0.0006851680
Epoch 418/2000 | Loss: 0.0008326618
Epoch 419/2000 | Loss: 0.0007997636
Epoch 420/2000 | Loss: 0.0008537320
Epoch 421/2000 | Loss: 0.0007870481
Epoch 422/2000 | Loss: 0.0007638001
Epoch 423/2000 | Loss: 0.0007544452
Epoch 424/2000 | Loss: 0.0007554055
Epoch 425/2000 | Loss: 0.0008155884
Epoch 426/2000 | Loss: 0.0009443081
Epoch 427/2000 | Loss: 0.0007914159
Epoch 428/2000 | Loss: 0.0007530212
Epoch 429/2000 | Loss: 0.0007573569
Epoch 430/2000 | Loss: 0.0006803838
Epoch 431/2000 | Loss: 0.0007620603
Epoch 432/2000 | Loss: 0.0007629994
Epoch 433/2000 | Loss: 0.0006608209
Epoch 434/2000 | Loss: 0.0007661339
Epoch 435/2000 | Loss: 0.0006874046
Epoch 436/2000 | Loss: 0.0006885354
Epoch 437/2000 | Loss: 0.0006771083
Epoch 438/2000 | Loss: 0.0006512845
Epoch 439/2000 | Loss: 0.0006904455
Epoch 440/2000 | Loss: 0.0008122364
Epoch 441/2000 | Loss: 0.0011881452
Epoch 442/2000 | Loss: 0.0012072418
Epoch 443/2000 | Loss: 0.0009908366
Epoch 444/2000 | Loss: 0.0007856171
Epoch 445/2000 | Loss: 0.0007464238
Epoch 446/2000 | Loss: 0.0007502565
Epoch 447/2000 | Loss: 0.0008869127
Epoch 448/2000 | Loss: 0.0007622521
Epoch 449/2000 | Loss: 0.0006991992
Epoch 450/2000 | Loss: 0.0007252059
Early stopping at epoch 450.
97 seconds elapsed.

RMSE
auau: 1.1371
ausio2: 0.5226
ligcl: 0.2709
ligsio2: 0.5733
all: 0.7015
