172.20.60.12
[I 2025-04-25 08:23:47.872 ServerApp] jupyter_lsp | extension was successfully linked.
[I 2025-04-25 08:23:47.874 ServerApp] jupyter_server_terminals | extension was successfully linked.
[I 2025-04-25 08:23:47.876 ServerApp] jupyterlab | extension was successfully linked.
[I 2025-04-25 08:23:47.878 ServerApp] notebook | extension was successfully linked.
[I 2025-04-25 08:23:48.066 ServerApp] notebook_shim | extension was successfully linked.
[I 2025-04-25 08:23:48.080 ServerApp] notebook_shim | extension was successfully loaded.
[I 2025-04-25 08:23:48.081 ServerApp] jupyter_lsp | extension was successfully loaded.
[I 2025-04-25 08:23:48.082 ServerApp] jupyter_server_terminals | extension was successfully loaded.
[I 2025-04-25 08:23:48.085 LabApp] JupyterLab extension loaded from /home/matheus23002/anaconda/envs/ai/lib/python3.10/site-packages/jupyterlab
[I 2025-04-25 08:23:48.085 LabApp] JupyterLab application directory is /home/matheus23002/anaconda/envs/ai/share/jupyter/lab
[I 2025-04-25 08:23:48.085 LabApp] Extension Manager is 'pypi'.
[I 2025-04-25 08:23:48.115 ServerApp] jupyterlab | extension was successfully loaded.
[I 2025-04-25 08:23:48.118 ServerApp] notebook | extension was successfully loaded.
[I 2025-04-25 08:23:48.118 ServerApp] Serving notebooks from local directory: /home/matheus23002/ip/models
[I 2025-04-25 08:23:48.118 ServerApp] Jupyter Server 2.15.0 is running at:
[I 2025-04-25 08:23:48.118 ServerApp] http://172.20.60.12:8888/tree?token=876802973e9ce524009e4dae030a9a039a29adc34dc823ab
[I 2025-04-25 08:23:48.118 ServerApp]     http://127.0.0.1:8888/tree?token=876802973e9ce524009e4dae030a9a039a29adc34dc823ab
[I 2025-04-25 08:23:48.118 ServerApp] Use Control-C to stop this server and shut down all kernels (twice to skip confirmation).
[W 2025-04-25 08:23:48.144 ServerApp] No web browser found: Error('could not locate runnable browser').
[C 2025-04-25 08:23:48.144 ServerApp] 
    
    To access the server, open this file in a browser:
        file:///home/matheus23002/.local/share/jupyter/runtime/jpserver-4021394-open.html
    Or copy and paste one of these URLs:
        http://172.20.60.12:8888/tree?token=876802973e9ce524009e4dae030a9a039a29adc34dc823ab
        http://127.0.0.1:8888/tree?token=876802973e9ce524009e4dae030a9a039a29adc34dc823ab
[I 2025-04-25 08:23:48.161 ServerApp] Skipped non-installed server(s): bash-language-server, dockerfile-language-server-nodejs, javascript-typescript-langserver, jedi-language-server, julia-language-server, pyright, python-language-server, python-lsp-server, r-languageserver, sql-language-server, texlab, typescript-language-server, unified-language-server, vscode-css-languageserver-bin, vscode-html-languageserver-bin, vscode-json-languageserver-bin, yaml-language-server
[I 2025-04-25 08:29:18.615 ServerApp] Kernel started: 66a5d237-e8c1-4fc1-874d-37c052a6c491
[I 2025-04-25 08:29:19.076 ServerApp] Connecting to kernel 66a5d237-e8c1-4fc1-874d-37c052a6c491.
[I 2025-04-25 08:29:19.132 ServerApp] Starting buffering for 66a5d237-e8c1-4fc1-874d-37c052a6c491:9a3b04e9-ee2c-40b9-bffd-4bfef0096e9e
[I 2025-04-25 08:29:19.154 ServerApp] Connecting to kernel 66a5d237-e8c1-4fc1-874d-37c052a6c491.
[I 2025-04-25 08:29:19.288 ServerApp] Connecting to kernel 66a5d237-e8c1-4fc1-874d-37c052a6c491.
[I 2025-04-25 08:29:26.734 ServerApp] Connecting to kernel 66a5d237-e8c1-4fc1-874d-37c052a6c491.
[I 2025-04-25 08:31:12.591 ServerApp] Saving file at /classification/mlp_testing.ipynb
